[handleMsg]:  {
  key: {
    remoteJid: '573025440998@s.whatsapp.net',
    fromMe: false,
    id: '3ABDD7E5E98CAFF942E5',
    participant: undefined
  },
  messageTimestamp: 1726200359,
  pushName: 'Melannie 游',
  broadcast: false,
  message: Message {
    conversation: 'Hola',
    messageContextInfo: MessageContextInfo {
      deviceListMetadata: [DeviceListMetadata],
      deviceListMetadataVersion: 2
    }
  },
  body: 'Hola',
  from: '573025440998'
}
[QUEUE_SE_ENVIO]:  {
  ref: 'ans_c8693435-e357-43f4-a25e-41679e5689eb',
  keyword: 'key_07669465-1fbf-4d5d-a83f-5d5e81a483d8',
  answer: 'Hola amor',
  options: {
    media: null,
    buttons: [],
    capture: false,
    child: null,
    delay: 0,
    idle: null,
    ref: null,
    nested: [],
    keyword: {},
    callback: false
  },
  refSerialize: '8ea88c7c22c0e37f71ac2e4fa6409516'
}
[QUEUE_SE_ENVIO]:  {
  ref: 'ans_f81c6c02-ede3-4591-bdfa-bb3a908b7690',
  keyword: 'ans_c8693435-e357-43f4-a25e-41679e5689eb',
  answer: 'Si est치s leyendo esto, eres fuerte y crack, te amo',
  options: {
    media: null,
    buttons: [],
    capture: false,
    child: null,
    delay: 0,
    idle: null,
    ref: null,
    nested: [],
    keyword: {},
    callback: false
  },
  refSerialize: '50e8b77af3e014e24ab9c933609a2784'
}
[QUEUE_SE_ENVIO]:  {
  ref: 'ans_3fb5b84f-5ba2-4b99-b165-606b83786273',
  keyword: 'ans_f81c6c02-ede3-4591-bdfa-bb3a908b7690',
  answer: 'Ando probando automatizacion de wpp jeje',
  options: {
    media: null,
    buttons: [],
    capture: false,
    child: null,
    delay: 0,
    idle: null,
    ref: null,
    nested: [],
    keyword: {},
    callback: false
  },
  refSerialize: 'dda931979dedce3f89804ad564700f18'
}
[handleMsg]:  {
  key: {
    remoteJid: '573025440998@s.whatsapp.net',
    fromMe: false,
    id: '3A16BA08F6A760309250',
    participant: undefined
  },
  messageTimestamp: 1726200367,
  pushName: 'Melannie 游',
  broadcast: false,
  message: Message {
    extendedTextMessage: ExtendedTextMessage {
      text: 'JAJAJAJAJAJAJA',
      contextInfo: [ContextInfo]
    },
    messageContextInfo: MessageContextInfo {
      deviceListMetadata: [DeviceListMetadata],
      deviceListMetadataVersion: 2
    }
  },
  body: 'JAJAJAJAJAJAJA',
  from: '573025440998'
}
[handleMsg]:  {
  key: {
    remoteJid: '573025440998@s.whatsapp.net',
    fromMe: false,
    id: '3A21DEBFEC610F26D7A0',
    participant: undefined
  },
  messageTimestamp: 1726200372,
  pushName: 'Melannie 游',
  broadcast: false,
  message: Message {
    stickerMessage: StickerMessage {
      url: 'https://mmg.whatsapp.net/v/t62.15575-24/30646799_1331824174598809_5234672769167938674_n.enc?ccb=11-4&oh=01_Q5AaIG5pHd7xSHhqguGOM6Bb9tjhyOmi6x-gfHaNe8aWtsHK&oe=670B3C60&_nc_sid=5e03e0&mms3=true',
      fileSha256: [Uint8Array],
      fileEncSha256: [Uint8Array],
      mediaKey: [Uint8Array],
      mimetype: 'image/webp',
      directPath: '/v/t62.15575-24/30646799_1331824174598809_5234672769167938674_n.enc?ccb=11-4&oh=01_Q5AaIG5pHd7xSHhqguGOM6Bb9tjhyOmi6x-gfHaNe8aWtsHK&oe=670B3C60&_nc_sid=5e03e0',
      fileLength: [Long],
      mediaKeyTimestamp: [Long],
      firstFrameLength: 5204,
      firstFrameSidecar: [Uint8Array],
      isAnimated: true,
      stickerSentTs: [Long],
      isAvatar: false
    },
    messageContextInfo: MessageContextInfo {
      deviceListMetadata: [DeviceListMetadata],
      deviceListMetadataVersion: 2
    }
  },
  body: '_event_media__8b70468e-4967-4910-b57b-8916444a5858',
  from: '573025440998'
}
[handleMsg]:  {
  key: {
    remoteJid: '573025440998@s.whatsapp.net',
    fromMe: false,
    id: '3A558234B87E7A37D543',
    participant: undefined
  },
  messageTimestamp: 1726200378,
  pushName: 'Melannie 游',
  broadcast: false,
  message: Message {
    conversation: 'Hola',
    messageContextInfo: MessageContextInfo {
      deviceListMetadata: [DeviceListMetadata],
      deviceListMetadataVersion: 2
    }
  },
  body: 'Hola',
  from: '573025440998'
}
[QUEUE_SE_ENVIO]:  {
  ref: 'ans_c8693435-e357-43f4-a25e-41679e5689eb',
  keyword: 'key_07669465-1fbf-4d5d-a83f-5d5e81a483d8',
  answer: 'Hola amor',
  options: {
    media: null,
    buttons: [],
    capture: false,
    child: null,
    delay: 0,
    idle: null,
    ref: null,
    nested: [],
    keyword: {},
    callback: false
  },
  refSerialize: '8ea88c7c22c0e37f71ac2e4fa6409516'
}
[QUEUE_SE_ENVIO]:  {
  ref: 'ans_f81c6c02-ede3-4591-bdfa-bb3a908b7690',
  keyword: 'ans_c8693435-e357-43f4-a25e-41679e5689eb',
  answer: 'Si est치s leyendo esto, eres fuerte y crack, te amo',
  options: {
    media: null,
    buttons: [],
    capture: false,
    child: null,
    delay: 0,
    idle: null,
    ref: null,
    nested: [],
    keyword: {},
    callback: false
  },
  refSerialize: '50e8b77af3e014e24ab9c933609a2784'
}
[QUEUE_SE_ENVIO]:  {
  ref: 'ans_3fb5b84f-5ba2-4b99-b165-606b83786273',
  keyword: 'ans_f81c6c02-ede3-4591-bdfa-bb3a908b7690',
  answer: 'Ando probando automatizacion de wpp jeje',
  options: {
    media: null,
    buttons: [],
    capture: false,
    child: null,
    delay: 0,
    idle: null,
    ref: null,
    nested: [],
    keyword: {},
    callback: false
  },
  refSerialize: 'dda931979dedce3f89804ad564700f18'
}
[handleMsg]:  {
  key: {
    remoteJid: '573025440998@s.whatsapp.net',
    fromMe: false,
    id: '3A59A4B8F99BE99BF5B0',
    participant: undefined
  },
  messageTimestamp: 1726200383,
  pushName: 'Melannie 游',
  broadcast: false,
  message: Message {
    conversation: 'Hola',
    messageContextInfo: MessageContextInfo {
      deviceListMetadata: [DeviceListMetadata],
      deviceListMetadataVersion: 2
    }
  },
  body: 'Hola',
  from: '573025440998'
}
[QUEUE_SE_ENVIO]:  {
  ref: 'ans_c8693435-e357-43f4-a25e-41679e5689eb',
  keyword: 'key_07669465-1fbf-4d5d-a83f-5d5e81a483d8',
  answer: 'Hola amor',
  options: {
    media: null,
    buttons: [],
    capture: false,
    child: null,
    delay: 0,
    idle: null,
    ref: null,
    nested: [],
    keyword: {},
    callback: false
  },
  refSerialize: '8ea88c7c22c0e37f71ac2e4fa6409516'
}
[QUEUE_SE_ENVIO]:  {
  ref: 'ans_f81c6c02-ede3-4591-bdfa-bb3a908b7690',
  keyword: 'ans_c8693435-e357-43f4-a25e-41679e5689eb',
  answer: 'Si est치s leyendo esto, eres fuerte y crack, te amo',
  options: {
    media: null,
    buttons: [],
    capture: false,
    child: null,
    delay: 0,
    idle: null,
    ref: null,
    nested: [],
    keyword: {},
    callback: false
  },
  refSerialize: '50e8b77af3e014e24ab9c933609a2784'
}
[QUEUE_SE_ENVIO]:  {
  ref: 'ans_3fb5b84f-5ba2-4b99-b165-606b83786273',
  keyword: 'ans_f81c6c02-ede3-4591-bdfa-bb3a908b7690',
  answer: 'Ando probando automatizacion de wpp jeje',
  options: {
    media: null,
    buttons: [],
    capture: false,
    child: null,
    delay: 0,
    idle: null,
    ref: null,
    nested: [],
    keyword: {},
    callback: false
  },
  refSerialize: 'dda931979dedce3f89804ad564700f18'
}
[handleMsg]:  {
  key: {
    remoteJid: '573025440998@s.whatsapp.net',
    fromMe: false,
    id: '3ADAAF8C29F5CE09C473',
    participant: undefined
  },
  messageTimestamp: 1726200385,
  pushName: 'Melannie 游',
  broadcast: false,
  message: Message {
    conversation: 'Hola',
    messageContextInfo: MessageContextInfo {
      deviceListMetadata: [DeviceListMetadata],
      deviceListMetadataVersion: 2
    }
  },
  body: 'Hola',
  from: '573025440998'
}
[QUEUE_SE_ENVIO]:  {
  ref: 'ans_c8693435-e357-43f4-a25e-41679e5689eb',
  keyword: 'key_07669465-1fbf-4d5d-a83f-5d5e81a483d8',
  answer: 'Hola amor',
  options: {
    media: null,
    buttons: [],
    capture: false,
    child: null,
    delay: 0,
    idle: null,
    ref: null,
    nested: [],
    keyword: {},
    callback: false
  },
  refSerialize: '8ea88c7c22c0e37f71ac2e4fa6409516'
}
[QUEUE_SE_ENVIO]:  {
  ref: 'ans_f81c6c02-ede3-4591-bdfa-bb3a908b7690',
  keyword: 'ans_c8693435-e357-43f4-a25e-41679e5689eb',
  answer: 'Si est치s leyendo esto, eres fuerte y crack, te amo',
  options: {
    media: null,
    buttons: [],
    capture: false,
    child: null,
    delay: 0,
    idle: null,
    ref: null,
    nested: [],
    keyword: {},
    callback: false
  },
  refSerialize: '50e8b77af3e014e24ab9c933609a2784'
}
[QUEUE_SE_ENVIO]:  {
  ref: 'ans_3fb5b84f-5ba2-4b99-b165-606b83786273',
  keyword: 'ans_f81c6c02-ede3-4591-bdfa-bb3a908b7690',
  answer: 'Ando probando automatizacion de wpp jeje',
  options: {
    media: null,
    buttons: [],
    capture: false,
    child: null,
    delay: 0,
    idle: null,
    ref: null,
    nested: [],
    keyword: {},
    callback: false
  },
  refSerialize: 'dda931979dedce3f89804ad564700f18'
}
[handleMsg]:  {
  key: {
    remoteJid: '573025440998@s.whatsapp.net',
    fromMe: false,
    id: '3AC446AAABE886024D2E',
    participant: undefined
  },
  messageTimestamp: 1726200387,
  pushName: 'Melannie 游',
  broadcast: false,
  message: Message {
    conversation: 'Hola',
    messageContextInfo: MessageContextInfo {
      deviceListMetadata: [DeviceListMetadata],
      deviceListMetadataVersion: 2
    }
  },
  body: 'Hola',
  from: '573025440998'
}
[QUEUE_SE_ENVIO]:  {
  ref: 'ans_c8693435-e357-43f4-a25e-41679e5689eb',
  keyword: 'key_07669465-1fbf-4d5d-a83f-5d5e81a483d8',
  answer: 'Hola amor',
  options: {
    media: null,
    buttons: [],
    capture: false,
    child: null,
    delay: 0,
    idle: null,
    ref: null,
    nested: [],
    keyword: {},
    callback: false
  },
  refSerialize: '8ea88c7c22c0e37f71ac2e4fa6409516'
}
[QUEUE_SE_ENVIO]:  {
  ref: 'ans_f81c6c02-ede3-4591-bdfa-bb3a908b7690',
  keyword: 'ans_c8693435-e357-43f4-a25e-41679e5689eb',
  answer: 'Si est치s leyendo esto, eres fuerte y crack, te amo',
  options: {
    media: null,
    buttons: [],
    capture: false,
    child: null,
    delay: 0,
    idle: null,
    ref: null,
    nested: [],
    keyword: {},
    callback: false
  },
  refSerialize: '50e8b77af3e014e24ab9c933609a2784'
}
[QUEUE_SE_ENVIO]:  {
  ref: 'ans_3fb5b84f-5ba2-4b99-b165-606b83786273',
  keyword: 'ans_f81c6c02-ede3-4591-bdfa-bb3a908b7690',
  answer: 'Ando probando automatizacion de wpp jeje',
  options: {
    media: null,
    buttons: [],
    capture: false,
    child: null,
    delay: 0,
    idle: null,
    ref: null,
    nested: [],
    keyword: {},
    callback: false
  },
  refSerialize: 'dda931979dedce3f89804ad564700f18'
}
[handleMsg]:  {
  key: {
    remoteJid: '573025440998@s.whatsapp.net',
    fromMe: false,
    id: '3A543BEFED625CACF9F2',
    participant: undefined
  },
  messageTimestamp: 1726200389,
  pushName: 'Melannie 游',
  broadcast: false,
  message: Message {
    conversation: 'Hola',
    messageContextInfo: MessageContextInfo {
      deviceListMetadata: [DeviceListMetadata],
      deviceListMetadataVersion: 2
    }
  },
  body: 'Hola',
  from: '573025440998'
}
[QUEUE_SE_ENVIO]:  {
  ref: 'ans_c8693435-e357-43f4-a25e-41679e5689eb',
  keyword: 'key_07669465-1fbf-4d5d-a83f-5d5e81a483d8',
  answer: 'Hola amor',
  options: {
    media: null,
    buttons: [],
    capture: false,
    child: null,
    delay: 0,
    idle: null,
    ref: null,
    nested: [],
    keyword: {},
    callback: false
  },
  refSerialize: '8ea88c7c22c0e37f71ac2e4fa6409516'
}
[QUEUE_SE_ENVIO]:  {
  ref: 'ans_f81c6c02-ede3-4591-bdfa-bb3a908b7690',
  keyword: 'ans_c8693435-e357-43f4-a25e-41679e5689eb',
  answer: 'Si est치s leyendo esto, eres fuerte y crack, te amo',
  options: {
    media: null,
    buttons: [],
    capture: false,
    child: null,
    delay: 0,
    idle: null,
    ref: null,
    nested: [],
    keyword: {},
    callback: false
  },
  refSerialize: '50e8b77af3e014e24ab9c933609a2784'
}
[QUEUE_SE_ENVIO]:  {
  ref: 'ans_3fb5b84f-5ba2-4b99-b165-606b83786273',
  keyword: 'ans_f81c6c02-ede3-4591-bdfa-bb3a908b7690',
  answer: 'Ando probando automatizacion de wpp jeje',
  options: {
    media: null,
    buttons: [],
    capture: false,
    child: null,
    delay: 0,
    idle: null,
    ref: null,
    nested: [],
    keyword: {},
    callback: false
  },
  refSerialize: 'dda931979dedce3f89804ad564700f18'
}
[handleMsg]:  {
  key: {
    remoteJid: '573025440998@s.whatsapp.net',
    fromMe: false,
    id: '3A925C9A042049F12F9A',
    participant: undefined
  },
  messageTimestamp: 1726200391,
  pushName: 'Melannie 游',
  broadcast: false,
  message: Message {
    conversation: 'Hola',
    messageContextInfo: MessageContextInfo {
      deviceListMetadata: [DeviceListMetadata],
      deviceListMetadataVersion: 2
    }
  },
  body: 'Hola',
  from: '573025440998'
}
[QUEUE_SE_ENVIO]:  {
  ref: 'ans_c8693435-e357-43f4-a25e-41679e5689eb',
  keyword: 'key_07669465-1fbf-4d5d-a83f-5d5e81a483d8',
  answer: 'Hola amor',
  options: {
    media: null,
    buttons: [],
    capture: false,
    child: null,
    delay: 0,
    idle: null,
    ref: null,
    nested: [],
    keyword: {},
    callback: false
  },
  refSerialize: '8ea88c7c22c0e37f71ac2e4fa6409516'
}
[QUEUE_SE_ENVIO]:  {
  ref: 'ans_f81c6c02-ede3-4591-bdfa-bb3a908b7690',
  keyword: 'ans_c8693435-e357-43f4-a25e-41679e5689eb',
  answer: 'Si est치s leyendo esto, eres fuerte y crack, te amo',
  options: {
    media: null,
    buttons: [],
    capture: false,
    child: null,
    delay: 0,
    idle: null,
    ref: null,
    nested: [],
    keyword: {},
    callback: false
  },
  refSerialize: '50e8b77af3e014e24ab9c933609a2784'
}
[QUEUE_SE_ENVIO]:  {
  ref: 'ans_3fb5b84f-5ba2-4b99-b165-606b83786273',
  keyword: 'ans_f81c6c02-ede3-4591-bdfa-bb3a908b7690',
  answer: 'Ando probando automatizacion de wpp jeje',
  options: {
    media: null,
    buttons: [],
    capture: false,
    child: null,
    delay: 0,
    idle: null,
    ref: null,
    nested: [],
    keyword: {},
    callback: false
  },
  refSerialize: 'dda931979dedce3f89804ad564700f18'
}
[handleMsg]:  {
  key: {
    remoteJid: '573025440998@s.whatsapp.net',
    fromMe: false,
    id: '3A1FE30C4F17C16B3986',
    participant: undefined
  },
  messageTimestamp: 1726200393,
  pushName: 'Melannie 游',
  broadcast: false,
  message: Message {
    conversation: 'Hola',
    messageContextInfo: MessageContextInfo {
      deviceListMetadata: [DeviceListMetadata],
      deviceListMetadataVersion: 2
    }
  },
  body: 'Hola',
  from: '573025440998'
}
[QUEUE_SE_ENVIO]:  {
  ref: 'ans_c8693435-e357-43f4-a25e-41679e5689eb',
  keyword: 'key_07669465-1fbf-4d5d-a83f-5d5e81a483d8',
  answer: 'Hola amor',
  options: {
    media: null,
    buttons: [],
    capture: false,
    child: null,
    delay: 0,
    idle: null,
    ref: null,
    nested: [],
    keyword: {},
    callback: false
  },
  refSerialize: '8ea88c7c22c0e37f71ac2e4fa6409516'
}
[QUEUE_SE_ENVIO]:  {
  ref: 'ans_f81c6c02-ede3-4591-bdfa-bb3a908b7690',
  keyword: 'ans_c8693435-e357-43f4-a25e-41679e5689eb',
  answer: 'Si est치s leyendo esto, eres fuerte y crack, te amo',
  options: {
    media: null,
    buttons: [],
    capture: false,
    child: null,
    delay: 0,
    idle: null,
    ref: null,
    nested: [],
    keyword: {},
    callback: false
  },
  refSerialize: '50e8b77af3e014e24ab9c933609a2784'
}
[QUEUE_SE_ENVIO]:  {
  ref: 'ans_3fb5b84f-5ba2-4b99-b165-606b83786273',
  keyword: 'ans_f81c6c02-ede3-4591-bdfa-bb3a908b7690',
  answer: 'Ando probando automatizacion de wpp jeje',
  options: {
    media: null,
    buttons: [],
    capture: false,
    child: null,
    delay: 0,
    idle: null,
    ref: null,
    nested: [],
    keyword: {},
    callback: false
  },
  refSerialize: 'dda931979dedce3f89804ad564700f18'
}
[handleMsg]:  {
  key: {
    remoteJid: '573025440998@s.whatsapp.net',
    fromMe: false,
    id: '3A2C218E6136F3446EF9',
    participant: undefined
  },
  messageTimestamp: 1726200397,
  pushName: 'Melannie 游',
  broadcast: false,
  message: Message {
    conversation: 'Hola',
    messageContextInfo: MessageContextInfo {
      deviceListMetadata: [DeviceListMetadata],
      deviceListMetadataVersion: 2
    }
  },
  body: 'Hola',
  from: '573025440998'
}
[QUEUE_SE_ENVIO]:  {
  ref: 'ans_c8693435-e357-43f4-a25e-41679e5689eb',
  keyword: 'key_07669465-1fbf-4d5d-a83f-5d5e81a483d8',
  answer: 'Hola amor',
  options: {
    media: null,
    buttons: [],
    capture: false,
    child: null,
    delay: 0,
    idle: null,
    ref: null,
    nested: [],
    keyword: {},
    callback: false
  },
  refSerialize: '8ea88c7c22c0e37f71ac2e4fa6409516'
}
[QUEUE_SE_ENVIO]:  {
  ref: 'ans_f81c6c02-ede3-4591-bdfa-bb3a908b7690',
  keyword: 'ans_c8693435-e357-43f4-a25e-41679e5689eb',
  answer: 'Si est치s leyendo esto, eres fuerte y crack, te amo',
  options: {
    media: null,
    buttons: [],
    capture: false,
    child: null,
    delay: 0,
    idle: null,
    ref: null,
    nested: [],
    keyword: {},
    callback: false
  },
  refSerialize: '50e8b77af3e014e24ab9c933609a2784'
}
[QUEUE_SE_ENVIO]:  {
  ref: 'ans_3fb5b84f-5ba2-4b99-b165-606b83786273',
  keyword: 'ans_f81c6c02-ede3-4591-bdfa-bb3a908b7690',
  answer: 'Ando probando automatizacion de wpp jeje',
  options: {
    media: null,
    buttons: [],
    capture: false,
    child: null,
    delay: 0,
    idle: null,
    ref: null,
    nested: [],
    keyword: {},
    callback: false
  },
  refSerialize: 'dda931979dedce3f89804ad564700f18'
}
[handleMsg]:  {
  key: {
    remoteJid: '573025440998@s.whatsapp.net',
    fromMe: false,
    id: '3A11AC9B3B41CD25E02A',
    participant: undefined
  },
  messageTimestamp: 1726200398,
  pushName: 'Melannie 游',
  broadcast: false,
  message: Message {
    conversation: 'Hola',
    messageContextInfo: MessageContextInfo {
      deviceListMetadata: [DeviceListMetadata],
      deviceListMetadataVersion: 2
    }
  },
  body: 'Hola',
  from: '573025440998'
}
[QUEUE_SE_ENVIO]:  {
  ref: 'ans_c8693435-e357-43f4-a25e-41679e5689eb',
  keyword: 'key_07669465-1fbf-4d5d-a83f-5d5e81a483d8',
  answer: 'Hola amor',
  options: {
    media: null,
    buttons: [],
    capture: false,
    child: null,
    delay: 0,
    idle: null,
    ref: null,
    nested: [],
    keyword: {},
    callback: false
  },
  refSerialize: '8ea88c7c22c0e37f71ac2e4fa6409516'
}
[QUEUE_SE_ENVIO]:  {
  ref: 'ans_f81c6c02-ede3-4591-bdfa-bb3a908b7690',
  keyword: 'ans_c8693435-e357-43f4-a25e-41679e5689eb',
  answer: 'Si est치s leyendo esto, eres fuerte y crack, te amo',
  options: {
    media: null,
    buttons: [],
    capture: false,
    child: null,
    delay: 0,
    idle: null,
    ref: null,
    nested: [],
    keyword: {},
    callback: false
  },
  refSerialize: '50e8b77af3e014e24ab9c933609a2784'
}
[QUEUE_SE_ENVIO]:  {
  ref: 'ans_3fb5b84f-5ba2-4b99-b165-606b83786273',
  keyword: 'ans_f81c6c02-ede3-4591-bdfa-bb3a908b7690',
  answer: 'Ando probando automatizacion de wpp jeje',
  options: {
    media: null,
    buttons: [],
    capture: false,
    child: null,
    delay: 0,
    idle: null,
    ref: null,
    nested: [],
    keyword: {},
    callback: false
  },
  refSerialize: 'dda931979dedce3f89804ad564700f18'
}
[handleMsg]:  {
  key: {
    remoteJid: '573025440998@s.whatsapp.net',
    fromMe: false,
    id: '3A35C816A446177C3E47',
    participant: undefined
  },
  messageTimestamp: 1726200400,
  pushName: 'Melannie 游',
  broadcast: false,
  message: Message {
    conversation: 'Hola',
    messageContextInfo: MessageContextInfo {
      deviceListMetadata: [DeviceListMetadata],
      deviceListMetadataVersion: 2
    }
  },
  body: 'Hola',
  from: '573025440998'
}
[QUEUE_SE_ENVIO]:  {
  ref: 'ans_c8693435-e357-43f4-a25e-41679e5689eb',
  keyword: 'key_07669465-1fbf-4d5d-a83f-5d5e81a483d8',
  answer: 'Hola amor',
  options: {
    media: null,
    buttons: [],
    capture: false,
    child: null,
    delay: 0,
    idle: null,
    ref: null,
    nested: [],
    keyword: {},
    callback: false
  },
  refSerialize: '8ea88c7c22c0e37f71ac2e4fa6409516'
}
[QUEUE_SE_ENVIO]:  {
  ref: 'ans_f81c6c02-ede3-4591-bdfa-bb3a908b7690',
  keyword: 'ans_c8693435-e357-43f4-a25e-41679e5689eb',
  answer: 'Si est치s leyendo esto, eres fuerte y crack, te amo',
  options: {
    media: null,
    buttons: [],
    capture: false,
    child: null,
    delay: 0,
    idle: null,
    ref: null,
    nested: [],
    keyword: {},
    callback: false
  },
  refSerialize: '50e8b77af3e014e24ab9c933609a2784'
}
[QUEUE_SE_ENVIO]:  {
  ref: 'ans_3fb5b84f-5ba2-4b99-b165-606b83786273',
  keyword: 'ans_f81c6c02-ede3-4591-bdfa-bb3a908b7690',
  answer: 'Ando probando automatizacion de wpp jeje',
  options: {
    media: null,
    buttons: [],
    capture: false,
    child: null,
    delay: 0,
    idle: null,
    ref: null,
    nested: [],
    keyword: {},
    callback: false
  },
  refSerialize: 'dda931979dedce3f89804ad564700f18'
}
[handleMsg]:  {
  key: {
    remoteJid: '573025440998@s.whatsapp.net',
    fromMe: false,
    id: '3A73EC79F8F3EDE3E7A1',
    participant: undefined
  },
  messageTimestamp: 1726200402,
  pushName: 'Melannie 游',
  broadcast: false,
  message: Message {
    conversation: 'Hola',
    messageContextInfo: MessageContextInfo {
      deviceListMetadata: [DeviceListMetadata],
      deviceListMetadataVersion: 2
    }
  },
  status: 4,
  body: 'Hola',
  from: '573025440998'
}
[QUEUE_SE_ENVIO]:  {
  ref: 'ans_c8693435-e357-43f4-a25e-41679e5689eb',
  keyword: 'key_07669465-1fbf-4d5d-a83f-5d5e81a483d8',
  answer: 'Hola amor',
  options: {
    media: null,
    buttons: [],
    capture: false,
    child: null,
    delay: 0,
    idle: null,
    ref: null,
    nested: [],
    keyword: {},
    callback: false
  },
  refSerialize: '8ea88c7c22c0e37f71ac2e4fa6409516'
}
[QUEUE_SE_ENVIO]:  {
  ref: 'ans_f81c6c02-ede3-4591-bdfa-bb3a908b7690',
  keyword: 'ans_c8693435-e357-43f4-a25e-41679e5689eb',
  answer: 'Si est치s leyendo esto, eres fuerte y crack, te amo',
  options: {
    media: null,
    buttons: [],
    capture: false,
    child: null,
    delay: 0,
    idle: null,
    ref: null,
    nested: [],
    keyword: {},
    callback: false
  },
  refSerialize: '50e8b77af3e014e24ab9c933609a2784'
}
[QUEUE_SE_ENVIO]:  {
  ref: 'ans_3fb5b84f-5ba2-4b99-b165-606b83786273',
  keyword: 'ans_f81c6c02-ede3-4591-bdfa-bb3a908b7690',
  answer: 'Ando probando automatizacion de wpp jeje',
  options: {
    media: null,
    buttons: [],
    capture: false,
    child: null,
    delay: 0,
    idle: null,
    ref: null,
    nested: [],
    keyword: {},
    callback: false
  },
  refSerialize: 'dda931979dedce3f89804ad564700f18'
}
[handleMsg]:  {
  key: {
    remoteJid: '573025440998@s.whatsapp.net',
    fromMe: false,
    id: '3A2B48FCC000DB925D7B',
    participant: undefined
  },
  messageTimestamp: 1726200404,
  pushName: 'Melannie 游',
  broadcast: false,
  message: Message {
    conversation: 'Hola',
    messageContextInfo: MessageContextInfo {
      deviceListMetadata: [DeviceListMetadata],
      deviceListMetadataVersion: 2
    }
  },
  body: 'Hola',
  from: '573025440998'
}
[QUEUE_SE_ENVIO]:  {
  ref: 'ans_c8693435-e357-43f4-a25e-41679e5689eb',
  keyword: 'key_07669465-1fbf-4d5d-a83f-5d5e81a483d8',
  answer: 'Hola amor',
  options: {
    media: null,
    buttons: [],
    capture: false,
    child: null,
    delay: 0,
    idle: null,
    ref: null,
    nested: [],
    keyword: {},
    callback: false
  },
  refSerialize: '8ea88c7c22c0e37f71ac2e4fa6409516'
}
[QUEUE_SE_ENVIO]:  {
  ref: 'ans_f81c6c02-ede3-4591-bdfa-bb3a908b7690',
  keyword: 'ans_c8693435-e357-43f4-a25e-41679e5689eb',
  answer: 'Si est치s leyendo esto, eres fuerte y crack, te amo',
  options: {
    media: null,
    buttons: [],
    capture: false,
    child: null,
    delay: 0,
    idle: null,
    ref: null,
    nested: [],
    keyword: {},
    callback: false
  },
  refSerialize: '50e8b77af3e014e24ab9c933609a2784'
}
[QUEUE_SE_ENVIO]:  {
  ref: 'ans_3fb5b84f-5ba2-4b99-b165-606b83786273',
  keyword: 'ans_f81c6c02-ede3-4591-bdfa-bb3a908b7690',
  answer: 'Ando probando automatizacion de wpp jeje',
  options: {
    media: null,
    buttons: [],
    capture: false,
    child: null,
    delay: 0,
    idle: null,
    ref: null,
    nested: [],
    keyword: {},
    callback: false
  },
  refSerialize: 'dda931979dedce3f89804ad564700f18'
}
[handleMsg]:  {
  key: {
    remoteJid: '573025440998@s.whatsapp.net',
    fromMe: false,
    id: '3A075EDDB0E68EDCA3BC',
    participant: undefined
  },
  messageTimestamp: 1726200405,
  pushName: 'Melannie 游',
  broadcast: false,
  message: Message {
    conversation: 'Hola',
    messageContextInfo: MessageContextInfo {
      deviceListMetadata: [DeviceListMetadata],
      deviceListMetadataVersion: 2
    }
  },
  body: 'Hola',
  from: '573025440998'
}
[QUEUE_SE_ENVIO]:  {
  ref: 'ans_c8693435-e357-43f4-a25e-41679e5689eb',
  keyword: 'key_07669465-1fbf-4d5d-a83f-5d5e81a483d8',
  answer: 'Hola amor',
  options: {
    media: null,
    buttons: [],
    capture: false,
    child: null,
    delay: 0,
    idle: null,
    ref: null,
    nested: [],
    keyword: {},
    callback: false
  },
  refSerialize: '8ea88c7c22c0e37f71ac2e4fa6409516'
}
[QUEUE_SE_ENVIO]:  {
  ref: 'ans_f81c6c02-ede3-4591-bdfa-bb3a908b7690',
  keyword: 'ans_c8693435-e357-43f4-a25e-41679e5689eb',
  answer: 'Si est치s leyendo esto, eres fuerte y crack, te amo',
  options: {
    media: null,
    buttons: [],
    capture: false,
    child: null,
    delay: 0,
    idle: null,
    ref: null,
    nested: [],
    keyword: {},
    callback: false
  },
  refSerialize: '50e8b77af3e014e24ab9c933609a2784'
}
[QUEUE_SE_ENVIO]:  {
  ref: 'ans_3fb5b84f-5ba2-4b99-b165-606b83786273',
  keyword: 'ans_f81c6c02-ede3-4591-bdfa-bb3a908b7690',
  answer: 'Ando probando automatizacion de wpp jeje',
  options: {
    media: null,
    buttons: [],
    capture: false,
    child: null,
    delay: 0,
    idle: null,
    ref: null,
    nested: [],
    keyword: {},
    callback: false
  },
  refSerialize: 'dda931979dedce3f89804ad564700f18'
}
[handleMsg]:  {
  key: {
    remoteJid: '573025440998@s.whatsapp.net',
    fromMe: false,
    id: '3AC90D388B638A35D505',
    participant: undefined
  },
  messageTimestamp: 1726200407,
  pushName: 'Melannie 游',
  broadcast: false,
  message: Message {
    conversation: 'Hola',
    messageContextInfo: MessageContextInfo {
      deviceListMetadata: [DeviceListMetadata],
      deviceListMetadataVersion: 2
    }
  },
  body: 'Hola',
  from: '573025440998'
}
[QUEUE_SE_ENVIO]:  {
  ref: 'ans_c8693435-e357-43f4-a25e-41679e5689eb',
  keyword: 'key_07669465-1fbf-4d5d-a83f-5d5e81a483d8',
  answer: 'Hola amor',
  options: {
    media: null,
    buttons: [],
    capture: false,
    child: null,
    delay: 0,
    idle: null,
    ref: null,
    nested: [],
    keyword: {},
    callback: false
  },
  refSerialize: '8ea88c7c22c0e37f71ac2e4fa6409516'
}
[QUEUE_SE_ENVIO]:  {
  ref: 'ans_f81c6c02-ede3-4591-bdfa-bb3a908b7690',
  keyword: 'ans_c8693435-e357-43f4-a25e-41679e5689eb',
  answer: 'Si est치s leyendo esto, eres fuerte y crack, te amo',
  options: {
    media: null,
    buttons: [],
    capture: false,
    child: null,
    delay: 0,
    idle: null,
    ref: null,
    nested: [],
    keyword: {},
    callback: false
  },
  refSerialize: '50e8b77af3e014e24ab9c933609a2784'
}
[QUEUE_SE_ENVIO]:  {
  ref: 'ans_3fb5b84f-5ba2-4b99-b165-606b83786273',
  keyword: 'ans_f81c6c02-ede3-4591-bdfa-bb3a908b7690',
  answer: 'Ando probando automatizacion de wpp jeje',
  options: {
    media: null,
    buttons: [],
    capture: false,
    child: null,
    delay: 0,
    idle: null,
    ref: null,
    nested: [],
    keyword: {},
    callback: false
  },
  refSerialize: 'dda931979dedce3f89804ad564700f18'
}
[handleMsg]:  {
  key: {
    remoteJid: '573025440998@s.whatsapp.net',
    fromMe: false,
    id: '3A3602FC0077B2609B78',
    participant: undefined
  },
  messageTimestamp: 1726200409,
  pushName: 'Melannie 游',
  broadcast: false,
  message: Message {
    conversation: 'Hola',
    messageContextInfo: MessageContextInfo {
      deviceListMetadata: [DeviceListMetadata],
      deviceListMetadataVersion: 2
    }
  },
  body: 'Hola',
  from: '573025440998'
}
[QUEUE_SE_ENVIO]:  {
  ref: 'ans_c8693435-e357-43f4-a25e-41679e5689eb',
  keyword: 'key_07669465-1fbf-4d5d-a83f-5d5e81a483d8',
  answer: 'Hola amor',
  options: {
    media: null,
    buttons: [],
    capture: false,
    child: null,
    delay: 0,
    idle: null,
    ref: null,
    nested: [],
    keyword: {},
    callback: false
  },
  refSerialize: '8ea88c7c22c0e37f71ac2e4fa6409516'
}
[QUEUE_SE_ENVIO]:  {
  ref: 'ans_f81c6c02-ede3-4591-bdfa-bb3a908b7690',
  keyword: 'ans_c8693435-e357-43f4-a25e-41679e5689eb',
  answer: 'Si est치s leyendo esto, eres fuerte y crack, te amo',
  options: {
    media: null,
    buttons: [],
    capture: false,
    child: null,
    delay: 0,
    idle: null,
    ref: null,
    nested: [],
    keyword: {},
    callback: false
  },
  refSerialize: '50e8b77af3e014e24ab9c933609a2784'
}
[QUEUE_SE_ENVIO]:  {
  ref: 'ans_3fb5b84f-5ba2-4b99-b165-606b83786273',
  keyword: 'ans_f81c6c02-ede3-4591-bdfa-bb3a908b7690',
  answer: 'Ando probando automatizacion de wpp jeje',
  options: {
    media: null,
    buttons: [],
    capture: false,
    child: null,
    delay: 0,
    idle: null,
    ref: null,
    nested: [],
    keyword: {},
    callback: false
  },
  refSerialize: 'dda931979dedce3f89804ad564700f18'
}
[handleMsg]:  {
  key: {
    remoteJid: '573025440998@s.whatsapp.net',
    fromMe: false,
    id: '3A96A11640CE4E08B24B',
    participant: undefined
  },
  messageTimestamp: 1726200410,
  pushName: 'Melannie 游',
  broadcast: false,
  message: Message {
    conversation: 'Hola',
    messageContextInfo: MessageContextInfo {
      deviceListMetadata: [DeviceListMetadata],
      deviceListMetadataVersion: 2
    }
  },
  body: 'Hola',
  from: '573025440998'
}
[QUEUE_SE_ENVIO]:  {
  ref: 'ans_c8693435-e357-43f4-a25e-41679e5689eb',
  keyword: 'key_07669465-1fbf-4d5d-a83f-5d5e81a483d8',
  answer: 'Hola amor',
  options: {
    media: null,
    buttons: [],
    capture: false,
    child: null,
    delay: 0,
    idle: null,
    ref: null,
    nested: [],
    keyword: {},
    callback: false
  },
  refSerialize: '8ea88c7c22c0e37f71ac2e4fa6409516'
}
[QUEUE_SE_ENVIO]:  {
  ref: 'ans_f81c6c02-ede3-4591-bdfa-bb3a908b7690',
  keyword: 'ans_c8693435-e357-43f4-a25e-41679e5689eb',
  answer: 'Si est치s leyendo esto, eres fuerte y crack, te amo',
  options: {
    media: null,
    buttons: [],
    capture: false,
    child: null,
    delay: 0,
    idle: null,
    ref: null,
    nested: [],
    keyword: {},
    callback: false
  },
  refSerialize: '50e8b77af3e014e24ab9c933609a2784'
}
[QUEUE_SE_ENVIO]:  {
  ref: 'ans_3fb5b84f-5ba2-4b99-b165-606b83786273',
  keyword: 'ans_f81c6c02-ede3-4591-bdfa-bb3a908b7690',
  answer: 'Ando probando automatizacion de wpp jeje',
  options: {
    media: null,
    buttons: [],
    capture: false,
    child: null,
    delay: 0,
    idle: null,
    ref: null,
    nested: [],
    keyword: {},
    callback: false
  },
  refSerialize: 'dda931979dedce3f89804ad564700f18'
}
[handleMsg]:  {
  key: {
    remoteJid: '573025440998@s.whatsapp.net',
    fromMe: false,
    id: '3A3012A922183123A4E0',
    participant: undefined
  },
  messageTimestamp: 1726200412,
  pushName: 'Melannie 游',
  broadcast: false,
  message: Message {
    conversation: 'Hola',
    messageContextInfo: MessageContextInfo {
      deviceListMetadata: [DeviceListMetadata],
      deviceListMetadataVersion: 2
    }
  },
  status: 4,
  body: 'Hola',
  from: '573025440998'
}
[QUEUE_SE_ENVIO]:  {
  ref: 'ans_c8693435-e357-43f4-a25e-41679e5689eb',
  keyword: 'key_07669465-1fbf-4d5d-a83f-5d5e81a483d8',
  answer: 'Hola amor',
  options: {
    media: null,
    buttons: [],
    capture: false,
    child: null,
    delay: 0,
    idle: null,
    ref: null,
    nested: [],
    keyword: {},
    callback: false
  },
  refSerialize: '8ea88c7c22c0e37f71ac2e4fa6409516'
}
[handleMsg]:  {
  key: {
    remoteJid: '573025440998@s.whatsapp.net',
    fromMe: false,
    id: '3AE55F610EB35DAAD058',
    participant: undefined
  },
  messageTimestamp: 1726200413,
  pushName: 'Melannie 游',
  broadcast: false,
  message: Message {
    conversation: 'Hola',
    messageContextInfo: MessageContextInfo {
      deviceListMetadata: [DeviceListMetadata],
      deviceListMetadataVersion: 2
    }
  },
  body: 'Hola',
  from: '573025440998'
}
[QUEUE_SE_ENVIO]:  {
  ref: 'ans_f81c6c02-ede3-4591-bdfa-bb3a908b7690',
  keyword: 'ans_c8693435-e357-43f4-a25e-41679e5689eb',
  answer: 'Si est치s leyendo esto, eres fuerte y crack, te amo',
  options: {
    media: null,
    buttons: [],
    capture: false,
    child: null,
    delay: 0,
    idle: null,
    ref: null,
    nested: [],
    keyword: {},
    callback: false
  },
  refSerialize: '50e8b77af3e014e24ab9c933609a2784'
}
[QUEUE_SE_ENVIO]:  {
  ref: 'ans_c8693435-e357-43f4-a25e-41679e5689eb',
  keyword: 'key_07669465-1fbf-4d5d-a83f-5d5e81a483d8',
  answer: 'Hola amor',
  options: {
    media: null,
    buttons: [],
    capture: false,
    child: null,
    delay: 0,
    idle: null,
    ref: null,
    nested: [],
    keyword: {},
    callback: false
  },
  refSerialize: '8ea88c7c22c0e37f71ac2e4fa6409516'
}
[QUEUE_SE_ENVIO]:  {
  ref: 'ans_3fb5b84f-5ba2-4b99-b165-606b83786273',
  keyword: 'ans_f81c6c02-ede3-4591-bdfa-bb3a908b7690',
  answer: 'Ando probando automatizacion de wpp jeje',
  options: {
    media: null,
    buttons: [],
    capture: false,
    child: null,
    delay: 0,
    idle: null,
    ref: null,
    nested: [],
    keyword: {},
    callback: false
  },
  refSerialize: 'dda931979dedce3f89804ad564700f18'
}
[QUEUE_SE_ENVIO]:  {
  ref: 'ans_f81c6c02-ede3-4591-bdfa-bb3a908b7690',
  keyword: 'ans_c8693435-e357-43f4-a25e-41679e5689eb',
  answer: 'Si est치s leyendo esto, eres fuerte y crack, te amo',
  options: {
    media: null,
    buttons: [],
    capture: false,
    child: null,
    delay: 0,
    idle: null,
    ref: null,
    nested: [],
    keyword: {},
    callback: false
  },
  refSerialize: '50e8b77af3e014e24ab9c933609a2784'
}
[QUEUE_SE_ENVIO]:  {
  ref: 'ans_3fb5b84f-5ba2-4b99-b165-606b83786273',
  keyword: 'ans_f81c6c02-ede3-4591-bdfa-bb3a908b7690',
  answer: 'Ando probando automatizacion de wpp jeje',
  options: {
    media: null,
    buttons: [],
    capture: false,
    child: null,
    delay: 0,
    idle: null,
    ref: null,
    nested: [],
    keyword: {},
    callback: false
  },
  refSerialize: 'dda931979dedce3f89804ad564700f18'
}
[handleMsg]:  {
  key: {
    remoteJid: '573025440998@s.whatsapp.net',
    fromMe: false,
    id: '3AF73C77C6D33C066D2E',
    participant: undefined
  },
  messageTimestamp: 1726200415,
  pushName: 'Melannie 游',
  broadcast: false,
  message: Message {
    conversation: 'Hola',
    messageContextInfo: MessageContextInfo {
      deviceListMetadata: [DeviceListMetadata],
      deviceListMetadataVersion: 2
    }
  },
  body: 'Hola',
  from: '573025440998'
}
[QUEUE_SE_ENVIO]:  {
  ref: 'ans_c8693435-e357-43f4-a25e-41679e5689eb',
  keyword: 'key_07669465-1fbf-4d5d-a83f-5d5e81a483d8',
  answer: 'Hola amor',
  options: {
    media: null,
    buttons: [],
    capture: false,
    child: null,
    delay: 0,
    idle: null,
    ref: null,
    nested: [],
    keyword: {},
    callback: false
  },
  refSerialize: '8ea88c7c22c0e37f71ac2e4fa6409516'
}
[QUEUE_SE_ENVIO]:  {
  ref: 'ans_f81c6c02-ede3-4591-bdfa-bb3a908b7690',
  keyword: 'ans_c8693435-e357-43f4-a25e-41679e5689eb',
  answer: 'Si est치s leyendo esto, eres fuerte y crack, te amo',
  options: {
    media: null,
    buttons: [],
    capture: false,
    child: null,
    delay: 0,
    idle: null,
    ref: null,
    nested: [],
    keyword: {},
    callback: false
  },
  refSerialize: '50e8b77af3e014e24ab9c933609a2784'
}
[QUEUE_SE_ENVIO]:  {
  ref: 'ans_3fb5b84f-5ba2-4b99-b165-606b83786273',
  keyword: 'ans_f81c6c02-ede3-4591-bdfa-bb3a908b7690',
  answer: 'Ando probando automatizacion de wpp jeje',
  options: {
    media: null,
    buttons: [],
    capture: false,
    child: null,
    delay: 0,
    idle: null,
    ref: null,
    nested: [],
    keyword: {},
    callback: false
  },
  refSerialize: 'dda931979dedce3f89804ad564700f18'
}
[handleMsg]:  {
  key: {
    remoteJid: '573025440998@s.whatsapp.net',
    fromMe: false,
    id: '3A05BB042C171AD9A731',
    participant: undefined
  },
  messageTimestamp: 1726200417,
  pushName: 'Melannie 游',
  broadcast: false,
  message: Message {
    conversation: 'Hola',
    messageContextInfo: MessageContextInfo {
      deviceListMetadata: [DeviceListMetadata],
      deviceListMetadataVersion: 2
    }
  },
  body: 'Hola',
  from: '573025440998'
}
[QUEUE_SE_ENVIO]:  {
  ref: 'ans_c8693435-e357-43f4-a25e-41679e5689eb',
  keyword: 'key_07669465-1fbf-4d5d-a83f-5d5e81a483d8',
  answer: 'Hola amor',
  options: {
    media: null,
    buttons: [],
    capture: false,
    child: null,
    delay: 0,
    idle: null,
    ref: null,
    nested: [],
    keyword: {},
    callback: false
  },
  refSerialize: '8ea88c7c22c0e37f71ac2e4fa6409516'
}
[QUEUE_SE_ENVIO]:  {
  ref: 'ans_f81c6c02-ede3-4591-bdfa-bb3a908b7690',
  keyword: 'ans_c8693435-e357-43f4-a25e-41679e5689eb',
  answer: 'Si est치s leyendo esto, eres fuerte y crack, te amo',
  options: {
    media: null,
    buttons: [],
    capture: false,
    child: null,
    delay: 0,
    idle: null,
    ref: null,
    nested: [],
    keyword: {},
    callback: false
  },
  refSerialize: '50e8b77af3e014e24ab9c933609a2784'
}
[QUEUE_SE_ENVIO]:  {
  ref: 'ans_3fb5b84f-5ba2-4b99-b165-606b83786273',
  keyword: 'ans_f81c6c02-ede3-4591-bdfa-bb3a908b7690',
  answer: 'Ando probando automatizacion de wpp jeje',
  options: {
    media: null,
    buttons: [],
    capture: false,
    child: null,
    delay: 0,
    idle: null,
    ref: null,
    nested: [],
    keyword: {},
    callback: false
  },
  refSerialize: 'dda931979dedce3f89804ad564700f18'
}
[handleMsg]:  {
  key: {
    remoteJid: '573025440998@s.whatsapp.net',
    fromMe: false,
    id: '3AAB4E1CB203E0E8DE1A',
    participant: undefined
  },
  messageTimestamp: 1726200418,
  pushName: 'Melannie 游',
  broadcast: false,
  message: Message {
    conversation: 'Hola',
    messageContextInfo: MessageContextInfo {
      deviceListMetadata: [DeviceListMetadata],
      deviceListMetadataVersion: 2
    }
  },
  body: 'Hola',
  from: '573025440998'
}
[QUEUE_SE_ENVIO]:  {
  ref: 'ans_c8693435-e357-43f4-a25e-41679e5689eb',
  keyword: 'key_07669465-1fbf-4d5d-a83f-5d5e81a483d8',
  answer: 'Hola amor',
  options: {
    media: null,
    buttons: [],
    capture: false,
    child: null,
    delay: 0,
    idle: null,
    ref: null,
    nested: [],
    keyword: {},
    callback: false
  },
  refSerialize: '8ea88c7c22c0e37f71ac2e4fa6409516'
}
[QUEUE_SE_ENVIO]:  {
  ref: 'ans_f81c6c02-ede3-4591-bdfa-bb3a908b7690',
  keyword: 'ans_c8693435-e357-43f4-a25e-41679e5689eb',
  answer: 'Si est치s leyendo esto, eres fuerte y crack, te amo',
  options: {
    media: null,
    buttons: [],
    capture: false,
    child: null,
    delay: 0,
    idle: null,
    ref: null,
    nested: [],
    keyword: {},
    callback: false
  },
  refSerialize: '50e8b77af3e014e24ab9c933609a2784'
}
[QUEUE_SE_ENVIO]:  {
  ref: 'ans_3fb5b84f-5ba2-4b99-b165-606b83786273',
  keyword: 'ans_f81c6c02-ede3-4591-bdfa-bb3a908b7690',
  answer: 'Ando probando automatizacion de wpp jeje',
  options: {
    media: null,
    buttons: [],
    capture: false,
    child: null,
    delay: 0,
    idle: null,
    ref: null,
    nested: [],
    keyword: {},
    callback: false
  },
  refSerialize: 'dda931979dedce3f89804ad564700f18'
}
[handleMsg]:  {
  key: {
    remoteJid: '573025440998@s.whatsapp.net',
    fromMe: false,
    id: '3A6140C0F5F0E02F167E',
    participant: undefined
  },
  messageTimestamp: 1726200420,
  pushName: 'Melannie 游',
  broadcast: false,
  message: Message {
    conversation: 'Hola',
    messageContextInfo: MessageContextInfo {
      deviceListMetadata: [DeviceListMetadata],
      deviceListMetadataVersion: 2
    }
  },
  body: 'Hola',
  from: '573025440998'
}
[QUEUE_SE_ENVIO]:  {
  ref: 'ans_c8693435-e357-43f4-a25e-41679e5689eb',
  keyword: 'key_07669465-1fbf-4d5d-a83f-5d5e81a483d8',
  answer: 'Hola amor',
  options: {
    media: null,
    buttons: [],
    capture: false,
    child: null,
    delay: 0,
    idle: null,
    ref: null,
    nested: [],
    keyword: {},
    callback: false
  },
  refSerialize: '8ea88c7c22c0e37f71ac2e4fa6409516'
}
[QUEUE_SE_ENVIO]:  {
  ref: 'ans_f81c6c02-ede3-4591-bdfa-bb3a908b7690',
  keyword: 'ans_c8693435-e357-43f4-a25e-41679e5689eb',
  answer: 'Si est치s leyendo esto, eres fuerte y crack, te amo',
  options: {
    media: null,
    buttons: [],
    capture: false,
    child: null,
    delay: 0,
    idle: null,
    ref: null,
    nested: [],
    keyword: {},
    callback: false
  },
  refSerialize: '50e8b77af3e014e24ab9c933609a2784'
}
[QUEUE_SE_ENVIO]:  {
  ref: 'ans_3fb5b84f-5ba2-4b99-b165-606b83786273',
  keyword: 'ans_f81c6c02-ede3-4591-bdfa-bb3a908b7690',
  answer: 'Ando probando automatizacion de wpp jeje',
  options: {
    media: null,
    buttons: [],
    capture: false,
    child: null,
    delay: 0,
    idle: null,
    ref: null,
    nested: [],
    keyword: {},
    callback: false
  },
  refSerialize: 'dda931979dedce3f89804ad564700f18'
}
[handleMsg]:  {
  key: {
    remoteJid: '573025440998@s.whatsapp.net',
    fromMe: false,
    id: '3A6DA11CDC5BB29E7996',
    participant: undefined
  },
  messageTimestamp: 1726200421,
  pushName: 'Melannie 游',
  broadcast: false,
  message: Message {
    conversation: 'Hola',
    messageContextInfo: MessageContextInfo {
      deviceListMetadata: [DeviceListMetadata],
      deviceListMetadataVersion: 2
    }
  },
  status: 4,
  body: 'Hola',
  from: '573025440998'
}
[handleMsg]:  {
  key: {
    remoteJid: '573025440998@s.whatsapp.net',
    fromMe: false,
    id: '3A519BF18DE7EB5EDD59',
    participant: undefined
  },
  messageTimestamp: 1726200423,
  pushName: 'Melannie 游',
  broadcast: false,
  message: Message {
    conversation: 'Hola',
    messageContextInfo: MessageContextInfo {
      deviceListMetadata: [DeviceListMetadata],
      deviceListMetadataVersion: 2
    }
  },
  body: 'Hola',
  from: '573025440998'
}
[QUEUE_SE_ENVIO]:  {
  ref: 'ans_c8693435-e357-43f4-a25e-41679e5689eb',
  keyword: 'key_07669465-1fbf-4d5d-a83f-5d5e81a483d8',
  answer: 'Hola amor',
  options: {
    media: null,
    buttons: [],
    capture: false,
    child: null,
    delay: 0,
    idle: null,
    ref: null,
    nested: [],
    keyword: {},
    callback: false
  },
  refSerialize: '8ea88c7c22c0e37f71ac2e4fa6409516'
}
[QUEUE_SE_ENVIO]:  {
  ref: 'ans_c8693435-e357-43f4-a25e-41679e5689eb',
  keyword: 'key_07669465-1fbf-4d5d-a83f-5d5e81a483d8',
  answer: 'Hola amor',
  options: {
    media: null,
    buttons: [],
    capture: false,
    child: null,
    delay: 0,
    idle: null,
    ref: null,
    nested: [],
    keyword: {},
    callback: false
  },
  refSerialize: '8ea88c7c22c0e37f71ac2e4fa6409516'
}
[QUEUE_SE_ENVIO]:  {
  ref: 'ans_f81c6c02-ede3-4591-bdfa-bb3a908b7690',
  keyword: 'ans_c8693435-e357-43f4-a25e-41679e5689eb',
  answer: 'Si est치s leyendo esto, eres fuerte y crack, te amo',
  options: {
    media: null,
    buttons: [],
    capture: false,
    child: null,
    delay: 0,
    idle: null,
    ref: null,
    nested: [],
    keyword: {},
    callback: false
  },
  refSerialize: '50e8b77af3e014e24ab9c933609a2784'
}
[QUEUE_SE_ENVIO]:  {
  ref: 'ans_f81c6c02-ede3-4591-bdfa-bb3a908b7690',
  keyword: 'ans_c8693435-e357-43f4-a25e-41679e5689eb',
  answer: 'Si est치s leyendo esto, eres fuerte y crack, te amo',
  options: {
    media: null,
    buttons: [],
    capture: false,
    child: null,
    delay: 0,
    idle: null,
    ref: null,
    nested: [],
    keyword: {},
    callback: false
  },
  refSerialize: '50e8b77af3e014e24ab9c933609a2784'
}
[QUEUE_SE_ENVIO]:  {
  ref: 'ans_3fb5b84f-5ba2-4b99-b165-606b83786273',
  keyword: 'ans_f81c6c02-ede3-4591-bdfa-bb3a908b7690',
  answer: 'Ando probando automatizacion de wpp jeje',
  options: {
    media: null,
    buttons: [],
    capture: false,
    child: null,
    delay: 0,
    idle: null,
    ref: null,
    nested: [],
    keyword: {},
    callback: false
  },
  refSerialize: 'dda931979dedce3f89804ad564700f18'
}
[QUEUE_SE_ENVIO]:  {
  ref: 'ans_3fb5b84f-5ba2-4b99-b165-606b83786273',
  keyword: 'ans_f81c6c02-ede3-4591-bdfa-bb3a908b7690',
  answer: 'Ando probando automatizacion de wpp jeje',
  options: {
    media: null,
    buttons: [],
    capture: false,
    child: null,
    delay: 0,
    idle: null,
    ref: null,
    nested: [],
    keyword: {},
    callback: false
  },
  refSerialize: 'dda931979dedce3f89804ad564700f18'
}
[handleMsg]:  {
  key: {
    remoteJid: '573025440998@s.whatsapp.net',
    fromMe: false,
    id: '3A001910F81E1CE28A47',
    participant: undefined
  },
  messageTimestamp: 1726200424,
  pushName: 'Melannie 游',
  broadcast: false,
  message: Message {
    conversation: 'Hola',
    messageContextInfo: MessageContextInfo {
      deviceListMetadata: [DeviceListMetadata],
      deviceListMetadataVersion: 2
    }
  },
  body: 'Hola',
  from: '573025440998'
}
[QUEUE_SE_ENVIO]:  {
  ref: 'ans_c8693435-e357-43f4-a25e-41679e5689eb',
  keyword: 'key_07669465-1fbf-4d5d-a83f-5d5e81a483d8',
  answer: 'Hola amor',
  options: {
    media: null,
    buttons: [],
    capture: false,
    child: null,
    delay: 0,
    idle: null,
    ref: null,
    nested: [],
    keyword: {},
    callback: false
  },
  refSerialize: '8ea88c7c22c0e37f71ac2e4fa6409516'
}
[QUEUE_SE_ENVIO]:  {
  ref: 'ans_f81c6c02-ede3-4591-bdfa-bb3a908b7690',
  keyword: 'ans_c8693435-e357-43f4-a25e-41679e5689eb',
  answer: 'Si est치s leyendo esto, eres fuerte y crack, te amo',
  options: {
    media: null,
    buttons: [],
    capture: false,
    child: null,
    delay: 0,
    idle: null,
    ref: null,
    nested: [],
    keyword: {},
    callback: false
  },
  refSerialize: '50e8b77af3e014e24ab9c933609a2784'
}
[QUEUE_SE_ENVIO]:  {
  ref: 'ans_3fb5b84f-5ba2-4b99-b165-606b83786273',
  keyword: 'ans_f81c6c02-ede3-4591-bdfa-bb3a908b7690',
  answer: 'Ando probando automatizacion de wpp jeje',
  options: {
    media: null,
    buttons: [],
    capture: false,
    child: null,
    delay: 0,
    idle: null,
    ref: null,
    nested: [],
    keyword: {},
    callback: false
  },
  refSerialize: 'dda931979dedce3f89804ad564700f18'
}
[handleMsg]:  {
  key: {
    remoteJid: '573025440998@s.whatsapp.net',
    fromMe: false,
    id: '3AD49C972906A64F3B16',
    participant: undefined
  },
  messageTimestamp: 1726200427,
  pushName: 'Melannie 游',
  broadcast: false,
  message: Message {
    conversation: 'Hola',
    messageContextInfo: MessageContextInfo {
      deviceListMetadata: [DeviceListMetadata],
      deviceListMetadataVersion: 2
    }
  },
  body: 'Hola',
  from: '573025440998'
}
[QUEUE_SE_ENVIO]:  {
  ref: 'ans_c8693435-e357-43f4-a25e-41679e5689eb',
  keyword: 'key_07669465-1fbf-4d5d-a83f-5d5e81a483d8',
  answer: 'Hola amor',
  options: {
    media: null,
    buttons: [],
    capture: false,
    child: null,
    delay: 0,
    idle: null,
    ref: null,
    nested: [],
    keyword: {},
    callback: false
  },
  refSerialize: '8ea88c7c22c0e37f71ac2e4fa6409516'
}
[QUEUE_SE_ENVIO]:  {
  ref: 'ans_f81c6c02-ede3-4591-bdfa-bb3a908b7690',
  keyword: 'ans_c8693435-e357-43f4-a25e-41679e5689eb',
  answer: 'Si est치s leyendo esto, eres fuerte y crack, te amo',
  options: {
    media: null,
    buttons: [],
    capture: false,
    child: null,
    delay: 0,
    idle: null,
    ref: null,
    nested: [],
    keyword: {},
    callback: false
  },
  refSerialize: '50e8b77af3e014e24ab9c933609a2784'
}
[QUEUE_SE_ENVIO]:  {
  ref: 'ans_3fb5b84f-5ba2-4b99-b165-606b83786273',
  keyword: 'ans_f81c6c02-ede3-4591-bdfa-bb3a908b7690',
  answer: 'Ando probando automatizacion de wpp jeje',
  options: {
    media: null,
    buttons: [],
    capture: false,
    child: null,
    delay: 0,
    idle: null,
    ref: null,
    nested: [],
    keyword: {},
    callback: false
  },
  refSerialize: 'dda931979dedce3f89804ad564700f18'
}
[handleMsg]:  {
  key: {
    remoteJid: '573025440998@s.whatsapp.net',
    fromMe: false,
    id: '3AC7BB52FC85D1F95D41',
    participant: undefined
  },
  messageTimestamp: 1726200429,
  pushName: 'Melannie 游',
  broadcast: false,
  message: Message {
    conversation: 'Hola hola',
    messageContextInfo: MessageContextInfo {
      deviceListMetadata: [DeviceListMetadata],
      deviceListMetadataVersion: 2
    }
  },
  body: 'Hola hola',
  from: '573025440998'
}
[QUEUE_SE_ENVIO]:  {
  ref: 'ans_c8693435-e357-43f4-a25e-41679e5689eb',
  keyword: 'key_07669465-1fbf-4d5d-a83f-5d5e81a483d8',
  answer: 'Hola amor',
  options: {
    media: null,
    buttons: [],
    capture: false,
    child: null,
    delay: 0,
    idle: null,
    ref: null,
    nested: [],
    keyword: {},
    callback: false
  },
  refSerialize: '8ea88c7c22c0e37f71ac2e4fa6409516'
}
[QUEUE_SE_ENVIO]:  {
  ref: 'ans_f81c6c02-ede3-4591-bdfa-bb3a908b7690',
  keyword: 'ans_c8693435-e357-43f4-a25e-41679e5689eb',
  answer: 'Si est치s leyendo esto, eres fuerte y crack, te amo',
  options: {
    media: null,
    buttons: [],
    capture: false,
    child: null,
    delay: 0,
    idle: null,
    ref: null,
    nested: [],
    keyword: {},
    callback: false
  },
  refSerialize: '50e8b77af3e014e24ab9c933609a2784'
}
[QUEUE_SE_ENVIO]:  {
  ref: 'ans_3fb5b84f-5ba2-4b99-b165-606b83786273',
  keyword: 'ans_f81c6c02-ede3-4591-bdfa-bb3a908b7690',
  answer: 'Ando probando automatizacion de wpp jeje',
  options: {
    media: null,
    buttons: [],
    capture: false,
    child: null,
    delay: 0,
    idle: null,
    ref: null,
    nested: [],
    keyword: {},
    callback: false
  },
  refSerialize: 'dda931979dedce3f89804ad564700f18'
}
[handleMsg]:  {
  key: {
    remoteJid: '573025440998@s.whatsapp.net',
    fromMe: false,
    id: '3A0CB666910A145E2A6B',
    participant: undefined
  },
  messageTimestamp: 1726200430,
  pushName: 'Melannie 游',
  broadcast: false,
  message: Message {
    conversation: 'Hola',
    messageContextInfo: MessageContextInfo {
      deviceListMetadata: [DeviceListMetadata],
      deviceListMetadataVersion: 2
    }
  },
  body: 'Hola',
  from: '573025440998'
}
[QUEUE_SE_ENVIO]:  {
  ref: 'ans_c8693435-e357-43f4-a25e-41679e5689eb',
  keyword: 'key_07669465-1fbf-4d5d-a83f-5d5e81a483d8',
  answer: 'Hola amor',
  options: {
    media: null,
    buttons: [],
    capture: false,
    child: null,
    delay: 0,
    idle: null,
    ref: null,
    nested: [],
    keyword: {},
    callback: false
  },
  refSerialize: '8ea88c7c22c0e37f71ac2e4fa6409516'
}
[QUEUE_SE_ENVIO]:  {
  ref: 'ans_f81c6c02-ede3-4591-bdfa-bb3a908b7690',
  keyword: 'ans_c8693435-e357-43f4-a25e-41679e5689eb',
  answer: 'Si est치s leyendo esto, eres fuerte y crack, te amo',
  options: {
    media: null,
    buttons: [],
    capture: false,
    child: null,
    delay: 0,
    idle: null,
    ref: null,
    nested: [],
    keyword: {},
    callback: false
  },
  refSerialize: '50e8b77af3e014e24ab9c933609a2784'
}
[QUEUE_SE_ENVIO]:  {
  ref: 'ans_3fb5b84f-5ba2-4b99-b165-606b83786273',
  keyword: 'ans_f81c6c02-ede3-4591-bdfa-bb3a908b7690',
  answer: 'Ando probando automatizacion de wpp jeje',
  options: {
    media: null,
    buttons: [],
    capture: false,
    child: null,
    delay: 0,
    idle: null,
    ref: null,
    nested: [],
    keyword: {},
    callback: false
  },
  refSerialize: 'dda931979dedce3f89804ad564700f18'
}
[handleMsg]:  {
  key: {
    remoteJid: '573025440998@s.whatsapp.net',
    fromMe: false,
    id: '3AC5A5EC415A58DB2382',
    participant: undefined
  },
  messageTimestamp: 1726200432,
  pushName: 'Melannie 游',
  broadcast: false,
  message: Message {
    conversation: 'Hola',
    messageContextInfo: MessageContextInfo {
      deviceListMetadata: [DeviceListMetadata],
      deviceListMetadataVersion: 2
    }
  },
  status: 4,
  body: 'Hola',
  from: '573025440998'
}
[QUEUE_SE_ENVIO]:  {
  ref: 'ans_c8693435-e357-43f4-a25e-41679e5689eb',
  keyword: 'key_07669465-1fbf-4d5d-a83f-5d5e81a483d8',
  answer: 'Hola amor',
  options: {
    media: null,
    buttons: [],
    capture: false,
    child: null,
    delay: 0,
    idle: null,
    ref: null,
    nested: [],
    keyword: {},
    callback: false
  },
  refSerialize: '8ea88c7c22c0e37f71ac2e4fa6409516'
}
[handleMsg]:  {
  key: {
    remoteJid: '573025440998@s.whatsapp.net',
    fromMe: false,
    id: '3A069A7D6548787DC20B',
    participant: undefined
  },
  messageTimestamp: 1726200433,
  pushName: 'Melannie 游',
  broadcast: false,
  message: Message {
    conversation: 'Hola',
    messageContextInfo: MessageContextInfo {
      deviceListMetadata: [DeviceListMetadata],
      deviceListMetadataVersion: 2
    }
  },
  body: 'Hola',
  from: '573025440998'
}
[QUEUE_SE_ENVIO]:  {
  ref: 'ans_f81c6c02-ede3-4591-bdfa-bb3a908b7690',
  keyword: 'ans_c8693435-e357-43f4-a25e-41679e5689eb',
  answer: 'Si est치s leyendo esto, eres fuerte y crack, te amo',
  options: {
    media: null,
    buttons: [],
    capture: false,
    child: null,
    delay: 0,
    idle: null,
    ref: null,
    nested: [],
    keyword: {},
    callback: false
  },
  refSerialize: '50e8b77af3e014e24ab9c933609a2784'
}
[QUEUE_SE_ENVIO]:  {
  ref: 'ans_c8693435-e357-43f4-a25e-41679e5689eb',
  keyword: 'key_07669465-1fbf-4d5d-a83f-5d5e81a483d8',
  answer: 'Hola amor',
  options: {
    media: null,
    buttons: [],
    capture: false,
    child: null,
    delay: 0,
    idle: null,
    ref: null,
    nested: [],
    keyword: {},
    callback: false
  },
  refSerialize: '8ea88c7c22c0e37f71ac2e4fa6409516'
}
[QUEUE_SE_ENVIO]:  {
  ref: 'ans_3fb5b84f-5ba2-4b99-b165-606b83786273',
  keyword: 'ans_f81c6c02-ede3-4591-bdfa-bb3a908b7690',
  answer: 'Ando probando automatizacion de wpp jeje',
  options: {
    media: null,
    buttons: [],
    capture: false,
    child: null,
    delay: 0,
    idle: null,
    ref: null,
    nested: [],
    keyword: {},
    callback: false
  },
  refSerialize: 'dda931979dedce3f89804ad564700f18'
}
[QUEUE_SE_ENVIO]:  {
  ref: 'ans_f81c6c02-ede3-4591-bdfa-bb3a908b7690',
  keyword: 'ans_c8693435-e357-43f4-a25e-41679e5689eb',
  answer: 'Si est치s leyendo esto, eres fuerte y crack, te amo',
  options: {
    media: null,
    buttons: [],
    capture: false,
    child: null,
    delay: 0,
    idle: null,
    ref: null,
    nested: [],
    keyword: {},
    callback: false
  },
  refSerialize: '50e8b77af3e014e24ab9c933609a2784'
}
[QUEUE_SE_ENVIO]:  {
  ref: 'ans_3fb5b84f-5ba2-4b99-b165-606b83786273',
  keyword: 'ans_f81c6c02-ede3-4591-bdfa-bb3a908b7690',
  answer: 'Ando probando automatizacion de wpp jeje',
  options: {
    media: null,
    buttons: [],
    capture: false,
    child: null,
    delay: 0,
    idle: null,
    ref: null,
    nested: [],
    keyword: {},
    callback: false
  },
  refSerialize: 'dda931979dedce3f89804ad564700f18'
}
[handleMsg]:  {
  key: {
    remoteJid: '573025440998@s.whatsapp.net',
    fromMe: false,
    id: '3A466A8A2C5FB62E6E85',
    participant: undefined
  },
  messageTimestamp: 1726200435,
  pushName: 'Melannie 游',
  broadcast: false,
  message: Message {
    conversation: 'Hola',
    messageContextInfo: MessageContextInfo {
      deviceListMetadata: [DeviceListMetadata],
      deviceListMetadataVersion: 2
    }
  },
  body: 'Hola',
  from: '573025440998'
}
[QUEUE_SE_ENVIO]:  {
  ref: 'ans_c8693435-e357-43f4-a25e-41679e5689eb',
  keyword: 'key_07669465-1fbf-4d5d-a83f-5d5e81a483d8',
  answer: 'Hola amor',
  options: {
    media: null,
    buttons: [],
    capture: false,
    child: null,
    delay: 0,
    idle: null,
    ref: null,
    nested: [],
    keyword: {},
    callback: false
  },
  refSerialize: '8ea88c7c22c0e37f71ac2e4fa6409516'
}
[QUEUE_SE_ENVIO]:  {
  ref: 'ans_f81c6c02-ede3-4591-bdfa-bb3a908b7690',
  keyword: 'ans_c8693435-e357-43f4-a25e-41679e5689eb',
  answer: 'Si est치s leyendo esto, eres fuerte y crack, te amo',
  options: {
    media: null,
    buttons: [],
    capture: false,
    child: null,
    delay: 0,
    idle: null,
    ref: null,
    nested: [],
    keyword: {},
    callback: false
  },
  refSerialize: '50e8b77af3e014e24ab9c933609a2784'
}
[QUEUE_SE_ENVIO]:  {
  ref: 'ans_3fb5b84f-5ba2-4b99-b165-606b83786273',
  keyword: 'ans_f81c6c02-ede3-4591-bdfa-bb3a908b7690',
  answer: 'Ando probando automatizacion de wpp jeje',
  options: {
    media: null,
    buttons: [],
    capture: false,
    child: null,
    delay: 0,
    idle: null,
    ref: null,
    nested: [],
    keyword: {},
    callback: false
  },
  refSerialize: 'dda931979dedce3f89804ad564700f18'
}
[handleMsg]:  {
  key: {
    remoteJid: '573025440998@s.whatsapp.net',
    fromMe: false,
    id: '3A3B8AC97382025B5BF7',
    participant: undefined
  },
  messageTimestamp: 1726200437,
  pushName: 'Melannie 游',
  broadcast: false,
  message: Message {
    conversation: 'Hola',
    messageContextInfo: MessageContextInfo {
      deviceListMetadata: [DeviceListMetadata],
      deviceListMetadataVersion: 2
    }
  },
  body: 'Hola',
  from: '573025440998'
}
[QUEUE_SE_ENVIO]:  {
  ref: 'ans_c8693435-e357-43f4-a25e-41679e5689eb',
  keyword: 'key_07669465-1fbf-4d5d-a83f-5d5e81a483d8',
  answer: 'Hola amor',
  options: {
    media: null,
    buttons: [],
    capture: false,
    child: null,
    delay: 0,
    idle: null,
    ref: null,
    nested: [],
    keyword: {},
    callback: false
  },
  refSerialize: '8ea88c7c22c0e37f71ac2e4fa6409516'
}
[QUEUE_SE_ENVIO]:  {
  ref: 'ans_f81c6c02-ede3-4591-bdfa-bb3a908b7690',
  keyword: 'ans_c8693435-e357-43f4-a25e-41679e5689eb',
  answer: 'Si est치s leyendo esto, eres fuerte y crack, te amo',
  options: {
    media: null,
    buttons: [],
    capture: false,
    child: null,
    delay: 0,
    idle: null,
    ref: null,
    nested: [],
    keyword: {},
    callback: false
  },
  refSerialize: '50e8b77af3e014e24ab9c933609a2784'
}
[QUEUE_SE_ENVIO]:  {
  ref: 'ans_3fb5b84f-5ba2-4b99-b165-606b83786273',
  keyword: 'ans_f81c6c02-ede3-4591-bdfa-bb3a908b7690',
  answer: 'Ando probando automatizacion de wpp jeje',
  options: {
    media: null,
    buttons: [],
    capture: false,
    child: null,
    delay: 0,
    idle: null,
    ref: null,
    nested: [],
    keyword: {},
    callback: false
  },
  refSerialize: 'dda931979dedce3f89804ad564700f18'
}
[handleMsg]:  {
  key: {
    remoteJid: '573025440998@s.whatsapp.net',
    fromMe: false,
    id: '3AA3E558372CE30ECD03',
    participant: undefined
  },
  messageTimestamp: 1726200438,
  pushName: 'Melannie 游',
  broadcast: false,
  message: Message {
    conversation: 'Hola',
    messageContextInfo: MessageContextInfo {
      deviceListMetadata: [DeviceListMetadata],
      deviceListMetadataVersion: 2
    }
  },
  body: 'Hola',
  from: '573025440998'
}
[QUEUE_SE_ENVIO]:  {
  ref: 'ans_c8693435-e357-43f4-a25e-41679e5689eb',
  keyword: 'key_07669465-1fbf-4d5d-a83f-5d5e81a483d8',
  answer: 'Hola amor',
  options: {
    media: null,
    buttons: [],
    capture: false,
    child: null,
    delay: 0,
    idle: null,
    ref: null,
    nested: [],
    keyword: {},
    callback: false
  },
  refSerialize: '8ea88c7c22c0e37f71ac2e4fa6409516'
}
[QUEUE_SE_ENVIO]:  {
  ref: 'ans_f81c6c02-ede3-4591-bdfa-bb3a908b7690',
  keyword: 'ans_c8693435-e357-43f4-a25e-41679e5689eb',
  answer: 'Si est치s leyendo esto, eres fuerte y crack, te amo',
  options: {
    media: null,
    buttons: [],
    capture: false,
    child: null,
    delay: 0,
    idle: null,
    ref: null,
    nested: [],
    keyword: {},
    callback: false
  },
  refSerialize: '50e8b77af3e014e24ab9c933609a2784'
}
[QUEUE_SE_ENVIO]:  {
  ref: 'ans_3fb5b84f-5ba2-4b99-b165-606b83786273',
  keyword: 'ans_f81c6c02-ede3-4591-bdfa-bb3a908b7690',
  answer: 'Ando probando automatizacion de wpp jeje',
  options: {
    media: null,
    buttons: [],
    capture: false,
    child: null,
    delay: 0,
    idle: null,
    ref: null,
    nested: [],
    keyword: {},
    callback: false
  },
  refSerialize: 'dda931979dedce3f89804ad564700f18'
}
[handleMsg]:  {
  key: {
    remoteJid: '573025440998@s.whatsapp.net',
    fromMe: false,
    id: '3AB6F0123AE014AB58ED',
    participant: undefined
  },
  messageTimestamp: 1726200440,
  pushName: 'Melannie 游',
  broadcast: false,
  message: Message {
    conversation: 'Hola',
    messageContextInfo: MessageContextInfo {
      deviceListMetadata: [DeviceListMetadata],
      deviceListMetadataVersion: 2
    }
  },
  body: 'Hola',
  from: '573025440998'
}
[QUEUE_SE_ENVIO]:  {
  ref: 'ans_c8693435-e357-43f4-a25e-41679e5689eb',
  keyword: 'key_07669465-1fbf-4d5d-a83f-5d5e81a483d8',
  answer: 'Hola amor',
  options: {
    media: null,
    buttons: [],
    capture: false,
    child: null,
    delay: 0,
    idle: null,
    ref: null,
    nested: [],
    keyword: {},
    callback: false
  },
  refSerialize: '8ea88c7c22c0e37f71ac2e4fa6409516'
}
[QUEUE_SE_ENVIO]:  {
  ref: 'ans_f81c6c02-ede3-4591-bdfa-bb3a908b7690',
  keyword: 'ans_c8693435-e357-43f4-a25e-41679e5689eb',
  answer: 'Si est치s leyendo esto, eres fuerte y crack, te amo',
  options: {
    media: null,
    buttons: [],
    capture: false,
    child: null,
    delay: 0,
    idle: null,
    ref: null,
    nested: [],
    keyword: {},
    callback: false
  },
  refSerialize: '50e8b77af3e014e24ab9c933609a2784'
}
[QUEUE_SE_ENVIO]:  {
  ref: 'ans_3fb5b84f-5ba2-4b99-b165-606b83786273',
  keyword: 'ans_f81c6c02-ede3-4591-bdfa-bb3a908b7690',
  answer: 'Ando probando automatizacion de wpp jeje',
  options: {
    media: null,
    buttons: [],
    capture: false,
    child: null,
    delay: 0,
    idle: null,
    ref: null,
    nested: [],
    keyword: {},
    callback: false
  },
  refSerialize: 'dda931979dedce3f89804ad564700f18'
}
[handleMsg]:  {
  key: {
    remoteJid: '573025440998@s.whatsapp.net',
    fromMe: false,
    id: '3A7432E8E2130E101AF5',
    participant: undefined
  },
  messageTimestamp: 1726200442,
  pushName: 'Melannie 游',
  broadcast: false,
  message: Message {
    conversation: 'Hola',
    messageContextInfo: MessageContextInfo {
      deviceListMetadata: [DeviceListMetadata],
      deviceListMetadataVersion: 2
    }
  },
  status: 4,
  body: 'Hola',
  from: '573025440998'
}
[QUEUE_SE_ENVIO]:  {
  ref: 'ans_c8693435-e357-43f4-a25e-41679e5689eb',
  keyword: 'key_07669465-1fbf-4d5d-a83f-5d5e81a483d8',
  answer: 'Hola amor',
  options: {
    media: null,
    buttons: [],
    capture: false,
    child: null,
    delay: 0,
    idle: null,
    ref: null,
    nested: [],
    keyword: {},
    callback: false
  },
  refSerialize: '8ea88c7c22c0e37f71ac2e4fa6409516'
}
[handleMsg]:  {
  key: {
    remoteJid: '573025440998@s.whatsapp.net',
    fromMe: false,
    id: '3A1F9C1A402B778511DD',
    participant: undefined
  },
  messageTimestamp: 1726200443,
  pushName: 'Melannie 游',
  broadcast: false,
  message: Message {
    conversation: 'Hola',
    messageContextInfo: MessageContextInfo {
      deviceListMetadata: [DeviceListMetadata],
      deviceListMetadataVersion: 2
    }
  },
  body: 'Hola',
  from: '573025440998'
}
[QUEUE_SE_ENVIO]:  {
  ref: 'ans_f81c6c02-ede3-4591-bdfa-bb3a908b7690',
  keyword: 'ans_c8693435-e357-43f4-a25e-41679e5689eb',
  answer: 'Si est치s leyendo esto, eres fuerte y crack, te amo',
  options: {
    media: null,
    buttons: [],
    capture: false,
    child: null,
    delay: 0,
    idle: null,
    ref: null,
    nested: [],
    keyword: {},
    callback: false
  },
  refSerialize: '50e8b77af3e014e24ab9c933609a2784'
}
[QUEUE_SE_ENVIO]:  {
  ref: 'ans_c8693435-e357-43f4-a25e-41679e5689eb',
  keyword: 'key_07669465-1fbf-4d5d-a83f-5d5e81a483d8',
  answer: 'Hola amor',
  options: {
    media: null,
    buttons: [],
    capture: false,
    child: null,
    delay: 0,
    idle: null,
    ref: null,
    nested: [],
    keyword: {},
    callback: false
  },
  refSerialize: '8ea88c7c22c0e37f71ac2e4fa6409516'
}
[QUEUE_SE_ENVIO]:  {
  ref: 'ans_3fb5b84f-5ba2-4b99-b165-606b83786273',
  keyword: 'ans_f81c6c02-ede3-4591-bdfa-bb3a908b7690',
  answer: 'Ando probando automatizacion de wpp jeje',
  options: {
    media: null,
    buttons: [],
    capture: false,
    child: null,
    delay: 0,
    idle: null,
    ref: null,
    nested: [],
    keyword: {},
    callback: false
  },
  refSerialize: 'dda931979dedce3f89804ad564700f18'
}
[QUEUE_SE_ENVIO]:  {
  ref: 'ans_f81c6c02-ede3-4591-bdfa-bb3a908b7690',
  keyword: 'ans_c8693435-e357-43f4-a25e-41679e5689eb',
  answer: 'Si est치s leyendo esto, eres fuerte y crack, te amo',
  options: {
    media: null,
    buttons: [],
    capture: false,
    child: null,
    delay: 0,
    idle: null,
    ref: null,
    nested: [],
    keyword: {},
    callback: false
  },
  refSerialize: '50e8b77af3e014e24ab9c933609a2784'
}
[QUEUE_SE_ENVIO]:  {
  ref: 'ans_3fb5b84f-5ba2-4b99-b165-606b83786273',
  keyword: 'ans_f81c6c02-ede3-4591-bdfa-bb3a908b7690',
  answer: 'Ando probando automatizacion de wpp jeje',
  options: {
    media: null,
    buttons: [],
    capture: false,
    child: null,
    delay: 0,
    idle: null,
    ref: null,
    nested: [],
    keyword: {},
    callback: false
  },
  refSerialize: 'dda931979dedce3f89804ad564700f18'
}
[handleMsg]:  {
  key: {
    remoteJid: '573025440998@s.whatsapp.net',
    fromMe: false,
    id: '3A557F2B83E816A58BE5',
    participant: undefined
  },
  messageTimestamp: 1726200445,
  pushName: 'Melannie 游',
  broadcast: false,
  message: Message {
    conversation: 'Hola',
    messageContextInfo: MessageContextInfo {
      deviceListMetadata: [DeviceListMetadata],
      deviceListMetadataVersion: 2
    }
  },
  body: 'Hola',
  from: '573025440998'
}
[QUEUE_SE_ENVIO]:  {
  ref: 'ans_c8693435-e357-43f4-a25e-41679e5689eb',
  keyword: 'key_07669465-1fbf-4d5d-a83f-5d5e81a483d8',
  answer: 'Hola amor',
  options: {
    media: null,
    buttons: [],
    capture: false,
    child: null,
    delay: 0,
    idle: null,
    ref: null,
    nested: [],
    keyword: {},
    callback: false
  },
  refSerialize: '8ea88c7c22c0e37f71ac2e4fa6409516'
}
[QUEUE_SE_ENVIO]:  {
  ref: 'ans_f81c6c02-ede3-4591-bdfa-bb3a908b7690',
  keyword: 'ans_c8693435-e357-43f4-a25e-41679e5689eb',
  answer: 'Si est치s leyendo esto, eres fuerte y crack, te amo',
  options: {
    media: null,
    buttons: [],
    capture: false,
    child: null,
    delay: 0,
    idle: null,
    ref: null,
    nested: [],
    keyword: {},
    callback: false
  },
  refSerialize: '50e8b77af3e014e24ab9c933609a2784'
}
[QUEUE_SE_ENVIO]:  {
  ref: 'ans_3fb5b84f-5ba2-4b99-b165-606b83786273',
  keyword: 'ans_f81c6c02-ede3-4591-bdfa-bb3a908b7690',
  answer: 'Ando probando automatizacion de wpp jeje',
  options: {
    media: null,
    buttons: [],
    capture: false,
    child: null,
    delay: 0,
    idle: null,
    ref: null,
    nested: [],
    keyword: {},
    callback: false
  },
  refSerialize: 'dda931979dedce3f89804ad564700f18'
}
[handleMsg]:  {
  key: {
    remoteJid: '573025440998@s.whatsapp.net',
    fromMe: false,
    id: '3A2BEE15D22F27014E17',
    participant: undefined
  },
  messageTimestamp: 1726200446,
  pushName: 'Melannie 游',
  broadcast: false,
  message: Message {
    conversation: 'Hola',
    messageContextInfo: MessageContextInfo {
      deviceListMetadata: [DeviceListMetadata],
      deviceListMetadataVersion: 2
    }
  },
  body: 'Hola',
  from: '573025440998'
}
[QUEUE_SE_ENVIO]:  {
  ref: 'ans_c8693435-e357-43f4-a25e-41679e5689eb',
  keyword: 'key_07669465-1fbf-4d5d-a83f-5d5e81a483d8',
  answer: 'Hola amor',
  options: {
    media: null,
    buttons: [],
    capture: false,
    child: null,
    delay: 0,
    idle: null,
    ref: null,
    nested: [],
    keyword: {},
    callback: false
  },
  refSerialize: '8ea88c7c22c0e37f71ac2e4fa6409516'
}
[QUEUE_SE_ENVIO]:  {
  ref: 'ans_f81c6c02-ede3-4591-bdfa-bb3a908b7690',
  keyword: 'ans_c8693435-e357-43f4-a25e-41679e5689eb',
  answer: 'Si est치s leyendo esto, eres fuerte y crack, te amo',
  options: {
    media: null,
    buttons: [],
    capture: false,
    child: null,
    delay: 0,
    idle: null,
    ref: null,
    nested: [],
    keyword: {},
    callback: false
  },
  refSerialize: '50e8b77af3e014e24ab9c933609a2784'
}
[QUEUE_SE_ENVIO]:  {
  ref: 'ans_3fb5b84f-5ba2-4b99-b165-606b83786273',
  keyword: 'ans_f81c6c02-ede3-4591-bdfa-bb3a908b7690',
  answer: 'Ando probando automatizacion de wpp jeje',
  options: {
    media: null,
    buttons: [],
    capture: false,
    child: null,
    delay: 0,
    idle: null,
    ref: null,
    nested: [],
    keyword: {},
    callback: false
  },
  refSerialize: 'dda931979dedce3f89804ad564700f18'
}
[handleMsg]:  {
  key: {
    remoteJid: '573025440998@s.whatsapp.net',
    fromMe: false,
    id: '3A818875F2B4D24AD30F',
    participant: undefined
  },
  messageTimestamp: 1726200448,
  pushName: 'Melannie 游',
  broadcast: false,
  message: Message {
    conversation: 'Hola',
    messageContextInfo: MessageContextInfo {
      deviceListMetadata: [DeviceListMetadata],
      deviceListMetadataVersion: 2
    }
  },
  body: 'Hola',
  from: '573025440998'
}
[QUEUE_SE_ENVIO]:  {
  ref: 'ans_c8693435-e357-43f4-a25e-41679e5689eb',
  keyword: 'key_07669465-1fbf-4d5d-a83f-5d5e81a483d8',
  answer: 'Hola amor',
  options: {
    media: null,
    buttons: [],
    capture: false,
    child: null,
    delay: 0,
    idle: null,
    ref: null,
    nested: [],
    keyword: {},
    callback: false
  },
  refSerialize: '8ea88c7c22c0e37f71ac2e4fa6409516'
}
[QUEUE_SE_ENVIO]:  {
  ref: 'ans_f81c6c02-ede3-4591-bdfa-bb3a908b7690',
  keyword: 'ans_c8693435-e357-43f4-a25e-41679e5689eb',
  answer: 'Si est치s leyendo esto, eres fuerte y crack, te amo',
  options: {
    media: null,
    buttons: [],
    capture: false,
    child: null,
    delay: 0,
    idle: null,
    ref: null,
    nested: [],
    keyword: {},
    callback: false
  },
  refSerialize: '50e8b77af3e014e24ab9c933609a2784'
}
[QUEUE_SE_ENVIO]:  {
  ref: 'ans_3fb5b84f-5ba2-4b99-b165-606b83786273',
  keyword: 'ans_f81c6c02-ede3-4591-bdfa-bb3a908b7690',
  answer: 'Ando probando automatizacion de wpp jeje',
  options: {
    media: null,
    buttons: [],
    capture: false,
    child: null,
    delay: 0,
    idle: null,
    ref: null,
    nested: [],
    keyword: {},
    callback: false
  },
  refSerialize: 'dda931979dedce3f89804ad564700f18'
}
[handleMsg]:  {
  key: {
    remoteJid: '573025440998@s.whatsapp.net',
    fromMe: false,
    id: '3A129D97240BE0E0CE1A',
    participant: undefined
  },
  messageTimestamp: 1726200449,
  pushName: 'Melannie 游',
  broadcast: false,
  message: Message {
    conversation: 'Hola',
    messageContextInfo: MessageContextInfo {
      deviceListMetadata: [DeviceListMetadata],
      deviceListMetadataVersion: 2
    }
  },
  body: 'Hola',
  from: '573025440998'
}
[QUEUE_SE_ENVIO]:  {
  ref: 'ans_c8693435-e357-43f4-a25e-41679e5689eb',
  keyword: 'key_07669465-1fbf-4d5d-a83f-5d5e81a483d8',
  answer: 'Hola amor',
  options: {
    media: null,
    buttons: [],
    capture: false,
    child: null,
    delay: 0,
    idle: null,
    ref: null,
    nested: [],
    keyword: {},
    callback: false
  },
  refSerialize: '8ea88c7c22c0e37f71ac2e4fa6409516'
}
[QUEUE_SE_ENVIO]:  {
  ref: 'ans_f81c6c02-ede3-4591-bdfa-bb3a908b7690',
  keyword: 'ans_c8693435-e357-43f4-a25e-41679e5689eb',
  answer: 'Si est치s leyendo esto, eres fuerte y crack, te amo',
  options: {
    media: null,
    buttons: [],
    capture: false,
    child: null,
    delay: 0,
    idle: null,
    ref: null,
    nested: [],
    keyword: {},
    callback: false
  },
  refSerialize: '50e8b77af3e014e24ab9c933609a2784'
}
[QUEUE_SE_ENVIO]:  {
  ref: 'ans_3fb5b84f-5ba2-4b99-b165-606b83786273',
  keyword: 'ans_f81c6c02-ede3-4591-bdfa-bb3a908b7690',
  answer: 'Ando probando automatizacion de wpp jeje',
  options: {
    media: null,
    buttons: [],
    capture: false,
    child: null,
    delay: 0,
    idle: null,
    ref: null,
    nested: [],
    keyword: {},
    callback: false
  },
  refSerialize: 'dda931979dedce3f89804ad564700f18'
}
[handleMsg]:  {
  key: {
    remoteJid: '573025440998@s.whatsapp.net',
    fromMe: false,
    id: '3AF0074BEA5F3E23789F',
    participant: undefined
  },
  messageTimestamp: 1726200451,
  pushName: 'Melannie 游',
  broadcast: false,
  message: Message {
    conversation: 'Hola',
    messageContextInfo: MessageContextInfo {
      deviceListMetadata: [DeviceListMetadata],
      deviceListMetadataVersion: 2
    }
  },
  body: 'Hola',
  from: '573025440998'
}
[QUEUE_SE_ENVIO]:  {
  ref: 'ans_c8693435-e357-43f4-a25e-41679e5689eb',
  keyword: 'key_07669465-1fbf-4d5d-a83f-5d5e81a483d8',
  answer: 'Hola amor',
  options: {
    media: null,
    buttons: [],
    capture: false,
    child: null,
    delay: 0,
    idle: null,
    ref: null,
    nested: [],
    keyword: {},
    callback: false
  },
  refSerialize: '8ea88c7c22c0e37f71ac2e4fa6409516'
}
[QUEUE_SE_ENVIO]:  {
  ref: 'ans_f81c6c02-ede3-4591-bdfa-bb3a908b7690',
  keyword: 'ans_c8693435-e357-43f4-a25e-41679e5689eb',
  answer: 'Si est치s leyendo esto, eres fuerte y crack, te amo',
  options: {
    media: null,
    buttons: [],
    capture: false,
    child: null,
    delay: 0,
    idle: null,
    ref: null,
    nested: [],
    keyword: {},
    callback: false
  },
  refSerialize: '50e8b77af3e014e24ab9c933609a2784'
}
[QUEUE_SE_ENVIO]:  {
  ref: 'ans_3fb5b84f-5ba2-4b99-b165-606b83786273',
  keyword: 'ans_f81c6c02-ede3-4591-bdfa-bb3a908b7690',
  answer: 'Ando probando automatizacion de wpp jeje',
  options: {
    media: null,
    buttons: [],
    capture: false,
    child: null,
    delay: 0,
    idle: null,
    ref: null,
    nested: [],
    keyword: {},
    callback: false
  },
  refSerialize: 'dda931979dedce3f89804ad564700f18'
}
[handleMsg]:  {
  key: {
    remoteJid: '573025440998@s.whatsapp.net',
    fromMe: false,
    id: '3A94C82BEB66C33CD886',
    participant: undefined
  },
  messageTimestamp: 1726200452,
  pushName: 'Melannie 游',
  broadcast: false,
  message: Message {
    conversation: 'Hola',
    messageContextInfo: MessageContextInfo {
      deviceListMetadata: [DeviceListMetadata],
      deviceListMetadataVersion: 2
    }
  },
  status: 4,
  body: 'Hola',
  from: '573025440998'
}
[QUEUE_SE_ENVIO]:  {
  ref: 'ans_c8693435-e357-43f4-a25e-41679e5689eb',
  keyword: 'key_07669465-1fbf-4d5d-a83f-5d5e81a483d8',
  answer: 'Hola amor',
  options: {
    media: null,
    buttons: [],
    capture: false,
    child: null,
    delay: 0,
    idle: null,
    ref: null,
    nested: [],
    keyword: {},
    callback: false
  },
  refSerialize: '8ea88c7c22c0e37f71ac2e4fa6409516'
}
[QUEUE_SE_ENVIO]:  {
  ref: 'ans_f81c6c02-ede3-4591-bdfa-bb3a908b7690',
  keyword: 'ans_c8693435-e357-43f4-a25e-41679e5689eb',
  answer: 'Si est치s leyendo esto, eres fuerte y crack, te amo',
  options: {
    media: null,
    buttons: [],
    capture: false,
    child: null,
    delay: 0,
    idle: null,
    ref: null,
    nested: [],
    keyword: {},
    callback: false
  },
  refSerialize: '50e8b77af3e014e24ab9c933609a2784'
}
[QUEUE_SE_ENVIO]:  {
  ref: 'ans_3fb5b84f-5ba2-4b99-b165-606b83786273',
  keyword: 'ans_f81c6c02-ede3-4591-bdfa-bb3a908b7690',
  answer: 'Ando probando automatizacion de wpp jeje',
  options: {
    media: null,
    buttons: [],
    capture: false,
    child: null,
    delay: 0,
    idle: null,
    ref: null,
    nested: [],
    keyword: {},
    callback: false
  },
  refSerialize: 'dda931979dedce3f89804ad564700f18'
}
[handleMsg]:  {
  key: {
    remoteJid: '573025440998@s.whatsapp.net',
    fromMe: false,
    id: '3AE8021BEFF122C8297C',
    participant: undefined
  },
  messageTimestamp: 1726200454,
  pushName: 'Melannie 游',
  broadcast: false,
  message: Message {
    conversation: 'Hola',
    messageContextInfo: MessageContextInfo {
      deviceListMetadata: [DeviceListMetadata],
      deviceListMetadataVersion: 2
    }
  },
  body: 'Hola',
  from: '573025440998'
}
[QUEUE_SE_ENVIO]:  {
  ref: 'ans_c8693435-e357-43f4-a25e-41679e5689eb',
  keyword: 'key_07669465-1fbf-4d5d-a83f-5d5e81a483d8',
  answer: 'Hola amor',
  options: {
    media: null,
    buttons: [],
    capture: false,
    child: null,
    delay: 0,
    idle: null,
    ref: null,
    nested: [],
    keyword: {},
    callback: false
  },
  refSerialize: '8ea88c7c22c0e37f71ac2e4fa6409516'
}
[QUEUE_SE_ENVIO]:  {
  ref: 'ans_f81c6c02-ede3-4591-bdfa-bb3a908b7690',
  keyword: 'ans_c8693435-e357-43f4-a25e-41679e5689eb',
  answer: 'Si est치s leyendo esto, eres fuerte y crack, te amo',
  options: {
    media: null,
    buttons: [],
    capture: false,
    child: null,
    delay: 0,
    idle: null,
    ref: null,
    nested: [],
    keyword: {},
    callback: false
  },
  refSerialize: '50e8b77af3e014e24ab9c933609a2784'
}
[QUEUE_SE_ENVIO]:  {
  ref: 'ans_3fb5b84f-5ba2-4b99-b165-606b83786273',
  keyword: 'ans_f81c6c02-ede3-4591-bdfa-bb3a908b7690',
  answer: 'Ando probando automatizacion de wpp jeje',
  options: {
    media: null,
    buttons: [],
    capture: false,
    child: null,
    delay: 0,
    idle: null,
    ref: null,
    nested: [],
    keyword: {},
    callback: false
  },
  refSerialize: 'dda931979dedce3f89804ad564700f18'
}
[handleMsg]:  {
  key: {
    remoteJid: '573025440998@s.whatsapp.net',
    fromMe: false,
    id: '3A5524E25E3898B44561',
    participant: undefined
  },
  messageTimestamp: 1726200456,
  pushName: 'Melannie 游',
  broadcast: false,
  message: Message {
    conversation: 'Hola',
    messageContextInfo: MessageContextInfo {
      deviceListMetadata: [DeviceListMetadata],
      deviceListMetadataVersion: 2
    }
  },
  body: 'Hola',
  from: '573025440998'
}
[QUEUE_SE_ENVIO]:  {
  ref: 'ans_c8693435-e357-43f4-a25e-41679e5689eb',
  keyword: 'key_07669465-1fbf-4d5d-a83f-5d5e81a483d8',
  answer: 'Hola amor',
  options: {
    media: null,
    buttons: [],
    capture: false,
    child: null,
    delay: 0,
    idle: null,
    ref: null,
    nested: [],
    keyword: {},
    callback: false
  },
  refSerialize: '8ea88c7c22c0e37f71ac2e4fa6409516'
}
[QUEUE_SE_ENVIO]:  {
  ref: 'ans_f81c6c02-ede3-4591-bdfa-bb3a908b7690',
  keyword: 'ans_c8693435-e357-43f4-a25e-41679e5689eb',
  answer: 'Si est치s leyendo esto, eres fuerte y crack, te amo',
  options: {
    media: null,
    buttons: [],
    capture: false,
    child: null,
    delay: 0,
    idle: null,
    ref: null,
    nested: [],
    keyword: {},
    callback: false
  },
  refSerialize: '50e8b77af3e014e24ab9c933609a2784'
}
[QUEUE_SE_ENVIO]:  {
  ref: 'ans_3fb5b84f-5ba2-4b99-b165-606b83786273',
  keyword: 'ans_f81c6c02-ede3-4591-bdfa-bb3a908b7690',
  answer: 'Ando probando automatizacion de wpp jeje',
  options: {
    media: null,
    buttons: [],
    capture: false,
    child: null,
    delay: 0,
    idle: null,
    ref: null,
    nested: [],
    keyword: {},
    callback: false
  },
  refSerialize: 'dda931979dedce3f89804ad564700f18'
}
[handleMsg]:  {
  key: {
    remoteJid: '573025440998@s.whatsapp.net',
    fromMe: false,
    id: '3A41DCB9B501129A8848',
    participant: undefined
  },
  messageTimestamp: 1726200457,
  pushName: 'Melannie 游',
  broadcast: false,
  message: Message {
    conversation: 'Hola',
    messageContextInfo: MessageContextInfo {
      deviceListMetadata: [DeviceListMetadata],
      deviceListMetadataVersion: 2
    }
  },
  body: 'Hola',
  from: '573025440998'
}
[QUEUE_SE_ENVIO]:  {
  ref: 'ans_c8693435-e357-43f4-a25e-41679e5689eb',
  keyword: 'key_07669465-1fbf-4d5d-a83f-5d5e81a483d8',
  answer: 'Hola amor',
  options: {
    media: null,
    buttons: [],
    capture: false,
    child: null,
    delay: 0,
    idle: null,
    ref: null,
    nested: [],
    keyword: {},
    callback: false
  },
  refSerialize: '8ea88c7c22c0e37f71ac2e4fa6409516'
}
[QUEUE_SE_ENVIO]:  {
  ref: 'ans_f81c6c02-ede3-4591-bdfa-bb3a908b7690',
  keyword: 'ans_c8693435-e357-43f4-a25e-41679e5689eb',
  answer: 'Si est치s leyendo esto, eres fuerte y crack, te amo',
  options: {
    media: null,
    buttons: [],
    capture: false,
    child: null,
    delay: 0,
    idle: null,
    ref: null,
    nested: [],
    keyword: {},
    callback: false
  },
  refSerialize: '50e8b77af3e014e24ab9c933609a2784'
}
[QUEUE_SE_ENVIO]:  {
  ref: 'ans_3fb5b84f-5ba2-4b99-b165-606b83786273',
  keyword: 'ans_f81c6c02-ede3-4591-bdfa-bb3a908b7690',
  answer: 'Ando probando automatizacion de wpp jeje',
  options: {
    media: null,
    buttons: [],
    capture: false,
    child: null,
    delay: 0,
    idle: null,
    ref: null,
    nested: [],
    keyword: {},
    callback: false
  },
  refSerialize: 'dda931979dedce3f89804ad564700f18'
}
[handleMsg]:  {
  key: {
    remoteJid: '573025440998@s.whatsapp.net',
    fromMe: false,
    id: '3ADE417E86E45052F24D',
    participant: undefined
  },
  messageTimestamp: 1726200458,
  pushName: 'Melannie 游',
  broadcast: false,
  message: Message {
    conversation: 'Hola',
    messageContextInfo: MessageContextInfo {
      deviceListMetadata: [DeviceListMetadata],
      deviceListMetadataVersion: 2
    }
  },
  body: 'Hola',
  from: '573025440998'
}
[QUEUE_SE_ENVIO]:  {
  ref: 'ans_c8693435-e357-43f4-a25e-41679e5689eb',
  keyword: 'key_07669465-1fbf-4d5d-a83f-5d5e81a483d8',
  answer: 'Hola amor',
  options: {
    media: null,
    buttons: [],
    capture: false,
    child: null,
    delay: 0,
    idle: null,
    ref: null,
    nested: [],
    keyword: {},
    callback: false
  },
  refSerialize: '8ea88c7c22c0e37f71ac2e4fa6409516'
}
[QUEUE_SE_ENVIO]:  {
  ref: 'ans_f81c6c02-ede3-4591-bdfa-bb3a908b7690',
  keyword: 'ans_c8693435-e357-43f4-a25e-41679e5689eb',
  answer: 'Si est치s leyendo esto, eres fuerte y crack, te amo',
  options: {
    media: null,
    buttons: [],
    capture: false,
    child: null,
    delay: 0,
    idle: null,
    ref: null,
    nested: [],
    keyword: {},
    callback: false
  },
  refSerialize: '50e8b77af3e014e24ab9c933609a2784'
}
[QUEUE_SE_ENVIO]:  {
  ref: 'ans_3fb5b84f-5ba2-4b99-b165-606b83786273',
  keyword: 'ans_f81c6c02-ede3-4591-bdfa-bb3a908b7690',
  answer: 'Ando probando automatizacion de wpp jeje',
  options: {
    media: null,
    buttons: [],
    capture: false,
    child: null,
    delay: 0,
    idle: null,
    ref: null,
    nested: [],
    keyword: {},
    callback: false
  },
  refSerialize: 'dda931979dedce3f89804ad564700f18'
}
[handleMsg]:  {
  key: {
    remoteJid: '573025440998@s.whatsapp.net',
    fromMe: false,
    id: '3A9D6F70DF5474DFEC14',
    participant: undefined
  },
  messageTimestamp: 1726200460,
  pushName: 'Melannie 游',
  broadcast: false,
  message: Message {
    conversation: 'Hola',
    messageContextInfo: MessageContextInfo {
      deviceListMetadata: [DeviceListMetadata],
      deviceListMetadataVersion: 2
    }
  },
  body: 'Hola',
  from: '573025440998'
}
[QUEUE_SE_ENVIO]:  {
  ref: 'ans_c8693435-e357-43f4-a25e-41679e5689eb',
  keyword: 'key_07669465-1fbf-4d5d-a83f-5d5e81a483d8',
  answer: 'Hola amor',
  options: {
    media: null,
    buttons: [],
    capture: false,
    child: null,
    delay: 0,
    idle: null,
    ref: null,
    nested: [],
    keyword: {},
    callback: false
  },
  refSerialize: '8ea88c7c22c0e37f71ac2e4fa6409516'
}
[QUEUE_SE_ENVIO]:  {
  ref: 'ans_f81c6c02-ede3-4591-bdfa-bb3a908b7690',
  keyword: 'ans_c8693435-e357-43f4-a25e-41679e5689eb',
  answer: 'Si est치s leyendo esto, eres fuerte y crack, te amo',
  options: {
    media: null,
    buttons: [],
    capture: false,
    child: null,
    delay: 0,
    idle: null,
    ref: null,
    nested: [],
    keyword: {},
    callback: false
  },
  refSerialize: '50e8b77af3e014e24ab9c933609a2784'
}
[QUEUE_SE_ENVIO]:  {
  ref: 'ans_3fb5b84f-5ba2-4b99-b165-606b83786273',
  keyword: 'ans_f81c6c02-ede3-4591-bdfa-bb3a908b7690',
  answer: 'Ando probando automatizacion de wpp jeje',
  options: {
    media: null,
    buttons: [],
    capture: false,
    child: null,
    delay: 0,
    idle: null,
    ref: null,
    nested: [],
    keyword: {},
    callback: false
  },
  refSerialize: 'dda931979dedce3f89804ad564700f18'
}
[handleMsg]:  {
  key: {
    remoteJid: '573025440998@s.whatsapp.net',
    fromMe: false,
    id: '3A8E8C842C6BF026CA2A',
    participant: undefined
  },
  messageTimestamp: 1726200461,
  pushName: 'Melannie 游',
  broadcast: false,
  message: Message {
    conversation: 'Hola',
    messageContextInfo: MessageContextInfo {
      deviceListMetadata: [DeviceListMetadata],
      deviceListMetadataVersion: 2
    }
  },
  body: 'Hola',
  from: '573025440998'
}
[QUEUE_SE_ENVIO]:  {
  ref: 'ans_c8693435-e357-43f4-a25e-41679e5689eb',
  keyword: 'key_07669465-1fbf-4d5d-a83f-5d5e81a483d8',
  answer: 'Hola amor',
  options: {
    media: null,
    buttons: [],
    capture: false,
    child: null,
    delay: 0,
    idle: null,
    ref: null,
    nested: [],
    keyword: {},
    callback: false
  },
  refSerialize: '8ea88c7c22c0e37f71ac2e4fa6409516'
}
[QUEUE_SE_ENVIO]:  {
  ref: 'ans_f81c6c02-ede3-4591-bdfa-bb3a908b7690',
  keyword: 'ans_c8693435-e357-43f4-a25e-41679e5689eb',
  answer: 'Si est치s leyendo esto, eres fuerte y crack, te amo',
  options: {
    media: null,
    buttons: [],
    capture: false,
    child: null,
    delay: 0,
    idle: null,
    ref: null,
    nested: [],
    keyword: {},
    callback: false
  },
  refSerialize: '50e8b77af3e014e24ab9c933609a2784'
}
[QUEUE_SE_ENVIO]:  {
  ref: 'ans_3fb5b84f-5ba2-4b99-b165-606b83786273',
  keyword: 'ans_f81c6c02-ede3-4591-bdfa-bb3a908b7690',
  answer: 'Ando probando automatizacion de wpp jeje',
  options: {
    media: null,
    buttons: [],
    capture: false,
    child: null,
    delay: 0,
    idle: null,
    ref: null,
    nested: [],
    keyword: {},
    callback: false
  },
  refSerialize: 'dda931979dedce3f89804ad564700f18'
}
[handleMsg]:  {
  key: {
    remoteJid: '573025440998@s.whatsapp.net',
    fromMe: false,
    id: '3A6259C1169A6BA25CD6',
    participant: undefined
  },
  messageTimestamp: 1726200464,
  pushName: 'Melannie 游',
  broadcast: false,
  message: Message {
    conversation: 'Hola',
    messageContextInfo: MessageContextInfo {
      deviceListMetadata: [DeviceListMetadata],
      deviceListMetadataVersion: 2
    }
  },
  body: 'Hola',
  from: '573025440998'
}
[QUEUE_SE_ENVIO]:  {
  ref: 'ans_c8693435-e357-43f4-a25e-41679e5689eb',
  keyword: 'key_07669465-1fbf-4d5d-a83f-5d5e81a483d8',
  answer: 'Hola amor',
  options: {
    media: null,
    buttons: [],
    capture: false,
    child: null,
    delay: 0,
    idle: null,
    ref: null,
    nested: [],
    keyword: {},
    callback: false
  },
  refSerialize: '8ea88c7c22c0e37f71ac2e4fa6409516'
}
[QUEUE_SE_ENVIO]:  {
  ref: 'ans_f81c6c02-ede3-4591-bdfa-bb3a908b7690',
  keyword: 'ans_c8693435-e357-43f4-a25e-41679e5689eb',
  answer: 'Si est치s leyendo esto, eres fuerte y crack, te amo',
  options: {
    media: null,
    buttons: [],
    capture: false,
    child: null,
    delay: 0,
    idle: null,
    ref: null,
    nested: [],
    keyword: {},
    callback: false
  },
  refSerialize: '50e8b77af3e014e24ab9c933609a2784'
}
[QUEUE_SE_ENVIO]:  {
  ref: 'ans_3fb5b84f-5ba2-4b99-b165-606b83786273',
  keyword: 'ans_f81c6c02-ede3-4591-bdfa-bb3a908b7690',
  answer: 'Ando probando automatizacion de wpp jeje',
  options: {
    media: null,
    buttons: [],
    capture: false,
    child: null,
    delay: 0,
    idle: null,
    ref: null,
    nested: [],
    keyword: {},
    callback: false
  },
  refSerialize: 'dda931979dedce3f89804ad564700f18'
}
[handleMsg]:  {
  key: {
    remoteJid: '573025440998@s.whatsapp.net',
    fromMe: false,
    id: '3A9385E8B106447B29C8',
    participant: undefined
  },
  messageTimestamp: 1726200467,
  pushName: 'Melannie 游',
  broadcast: false,
  message: Message {
    conversation: 'Hola',
    messageContextInfo: MessageContextInfo {
      deviceListMetadata: [DeviceListMetadata],
      deviceListMetadataVersion: 2
    }
  },
  body: 'Hola',
  from: '573025440998'
}
[QUEUE_SE_ENVIO]:  {
  ref: 'ans_c8693435-e357-43f4-a25e-41679e5689eb',
  keyword: 'key_07669465-1fbf-4d5d-a83f-5d5e81a483d8',
  answer: 'Hola amor',
  options: {
    media: null,
    buttons: [],
    capture: false,
    child: null,
    delay: 0,
    idle: null,
    ref: null,
    nested: [],
    keyword: {},
    callback: false
  },
  refSerialize: '8ea88c7c22c0e37f71ac2e4fa6409516'
}
[QUEUE_SE_ENVIO]:  {
  ref: 'ans_f81c6c02-ede3-4591-bdfa-bb3a908b7690',
  keyword: 'ans_c8693435-e357-43f4-a25e-41679e5689eb',
  answer: 'Si est치s leyendo esto, eres fuerte y crack, te amo',
  options: {
    media: null,
    buttons: [],
    capture: false,
    child: null,
    delay: 0,
    idle: null,
    ref: null,
    nested: [],
    keyword: {},
    callback: false
  },
  refSerialize: '50e8b77af3e014e24ab9c933609a2784'
}
[QUEUE_SE_ENVIO]:  {
  ref: 'ans_3fb5b84f-5ba2-4b99-b165-606b83786273',
  keyword: 'ans_f81c6c02-ede3-4591-bdfa-bb3a908b7690',
  answer: 'Ando probando automatizacion de wpp jeje',
  options: {
    media: null,
    buttons: [],
    capture: false,
    child: null,
    delay: 0,
    idle: null,
    ref: null,
    nested: [],
    keyword: {},
    callback: false
  },
  refSerialize: 'dda931979dedce3f89804ad564700f18'
}
[handleMsg]:  {
  key: {
    remoteJid: '573025440998@s.whatsapp.net',
    fromMe: false,
    id: '3AE5C0DE45E7C8E21BC4',
    participant: undefined
  },
  messageTimestamp: 1726200471,
  pushName: 'Melannie 游',
  broadcast: false,
  message: Message {
    conversation: 'Hola',
    messageContextInfo: MessageContextInfo {
      deviceListMetadata: [DeviceListMetadata],
      deviceListMetadataVersion: 2
    }
  },
  body: 'Hola',
  from: '573025440998'
}
[QUEUE_SE_ENVIO]:  {
  ref: 'ans_c8693435-e357-43f4-a25e-41679e5689eb',
  keyword: 'key_07669465-1fbf-4d5d-a83f-5d5e81a483d8',
  answer: 'Hola amor',
  options: {
    media: null,
    buttons: [],
    capture: false,
    child: null,
    delay: 0,
    idle: null,
    ref: null,
    nested: [],
    keyword: {},
    callback: false
  },
  refSerialize: '8ea88c7c22c0e37f71ac2e4fa6409516'
}
[QUEUE_SE_ENVIO]:  {
  ref: 'ans_f81c6c02-ede3-4591-bdfa-bb3a908b7690',
  keyword: 'ans_c8693435-e357-43f4-a25e-41679e5689eb',
  answer: 'Si est치s leyendo esto, eres fuerte y crack, te amo',
  options: {
    media: null,
    buttons: [],
    capture: false,
    child: null,
    delay: 0,
    idle: null,
    ref: null,
    nested: [],
    keyword: {},
    callback: false
  },
  refSerialize: '50e8b77af3e014e24ab9c933609a2784'
}
